This is pdfTeX, Version 3.1415926-2.4-1.40.13 (TeX Live 2012) (format=pdflatex 2013.4.11)  6 MAR 2015 14:13
entering extended mode
 restricted \write18 enabled.
 %&-line parsing enabled.
**Image-Effects-in-Transport-Calculations.tex
(./Image-Effects-in-Transport-Calculations.tex
LaTeX2e <2011/06/27>
Babel <v3.8m> and hyphenation patterns for english, dumylang, nohyphenation, ge
rman-x-2012-05-30, ngerman-x-2012-05-30, afrikaans, ancientgreek, ibycus, arabi
c, armenian, basque, bulgarian, catalan, pinyin, coptic, croatian, czech, danis
h, dutch, ukenglish, usenglishmax, esperanto, estonian, ethiopic, farsi, finnis
h, french, friulan, galician, german, ngerman, swissgerman, monogreek, greek, h
ungarian, icelandic, assamese, bengali, gujarati, hindi, kannada, malayalam, ma
rathi, oriya, panjabi, tamil, telugu, indonesian, interlingua, irish, italian, 
kurmanji, latin, latvian, lithuanian, mongolian, mongolianlmc, bokmal, nynorsk,
 polish, portuguese, romanian, romansh, russian, sanskrit, serbian, serbianc, s
lovak, slovenian, spanish, swedish, turkish, turkmen, ukrainian, uppersorbian, 
welsh, loaded.
(/usr/local/texlive/2012/texmf-dist/tex/latex/revtex/revtex4-1.cls
Document Class: revtex4-1 2010/07/25/20:33:00 4.1r (http://publish.aps.org/revt
ex4/ for documentation)
 Copyright (c) 2009 The American Physical Society.
 mailto:revtex@aps.org
 Licensed under the LPPL:
http://www.ctan.org/tex-archive/macros/latex/base/lppl.txt
 Arthur Ogawa <arthur_ogawa at sbcglobal dot net>
 Based on work by David Carlisle <david at dcarlisle.demon.co.uk>.
ltxutil[2010/07/25/20:33:00 4.1r utilities package (portions licensed from W. E
. Baxter web at superscript.com)]
LaTeX Info: Redefining \@centercr on input line 308.
Class revtex4-1 Info: Repairing broken LaTeX eqnarray on input line 358.
\eqncolsep=\skip41
Class revtex4-1 Info: Repairing hyperref-unfriendly LaTeX definition of \mpfoot
note on input line 433.
Class revtex4-1 Info: Repairing broken LateX \@sect on input line 755.
\intertabularlinepenalty=\count79
\@tbpen=\count80
\@arstrutbox@hline=\box26
Class revtex4-1 Info: Repairing broken LaTeX \@xbitor on input line 1786.
Class revtex4-1 Info: Making \typeout \long on input line 2046.
ltxfront[2010/07/25/20:33:00 4.1r frontmatter package (AO,DPC)]
\c@affil=\count81
\c@collab=\count82
\absbox=\box27
ltxgrid[2010/07/25/20:33:00 4.1r page grid package (portions licensed from W. E
. Baxter web at superscript.com)]
\c@linecount=\count83
\output@latex=\toks14
\box@size@1=\box28
\box@size@2=\box29
\@protection@box=\box30
\@topmark@saved=\toks15
\footins@saved=\box31
\footins@recovered=\box32
\column@recovered=\box33
\pagesofar=\box34
\footsofar=\box35
\pagegrid@col=\count84
Class revtex4-1 Info: Overriding \@vspace, \@vspacer, \@no@pgbk, \@newline, and
 \\  on input line 5578.
\c@part=\count85
\c@section=\count86
\c@subsection=\count87
\c@subsubsection=\count88
\c@paragraph=\count89
\c@subparagraph=\count90
\abovecaptionskip=\skip42
\belowcaptionskip=\skip43
\c@figure=\count91
\fbox@1=\box36
\c@table=\count92
\fbox@2=\box37
\c@video=\count93
\fbox@4=\box38
\@bibdataout=\write3
\widetext@top=\box39
\widetext@bot=\box40
Class revtex4-1 Info: Selecting society aip on input line 7542.
(/usr/local/texlive/2012/texmf-dist/tex/latex/revtex/aip4-1.rtx
File: aip4-1.rtx 2010/07/25 4.1r AIP substyle for REVTeX
Class revtex4-1 Info: RevTeX society AIP selected on input line 67.
)
Class revtex4-1 Info: Selecting journal jcp on input line 7544.

Using journal substyle jcp.
Class revtex4-1 Info: Reading file aps10pt4-1.rtx on input line 7547.
(/usr/local/texlive/2012/texmf-dist/tex/latex/revtex/aps10pt4-1.rtx
File: aps10pt4-1 2010/07/25/20:33:00 4.1r (http://publish.aps.org/revtex4/ for 
documentation)
Class revtex4-1 Info: RevTeX pointsize 10pt selected on input line 30.
)
Class revtex4-1 Info: Overriding 10pt on input line 7547.

(/usr/local/texlive/2012/texmf-dist/tex/latex/textcase/textcase.sty
Package: textcase 2004/10/07 v0.07 Text only upper/lower case changing (DPC)
)
(/usr/local/texlive/2012/texmf-dist/tex/latex/url/url.sty
\Urlmuskip=\muskip10
Package: url 2006/04/12  ver 3.3  Verb mode for urls, etc.
)
(/usr/local/texlive/2012/texmf-dist/tex/latex/natbib/natbib.sty
Package: natbib 2010/09/13 8.31b (PWD, AO)
\bibhang=\skip44
\bibsep=\skip45
LaTeX Info: Redefining \cite on input line 694.
\c@NAT@ctr=\count94
)
Class revtex4-1 Info: Repairing natbib's \BibitemShut on input line 7549.

(/usr/local/texlive/2012/texmf-dist/tex/latex/revtex/revsymb4-1.sty
Package: revsymb4-1 2010/07/25/20:33:00 4.1r (http://publish.aps.org/revtex4/ f
or documentation)
LaTeX Info: Redefining \REV@mathfrak on input line 119.
))
(/usr/local/texlive/2012/texmf-dist/tex/latex/subfig/subfig.sty
Package: subfig 2005/06/28 ver: 1.3 subfig package

(/usr/local/texlive/2012/texmf-dist/tex/latex/graphics/keyval.sty
Package: keyval 1999/03/16 v1.13 key=value parser (DPC)
\KV@toks@=\toks16
)
(/usr/local/texlive/2012/texmf-dist/tex/latex/caption/caption3.sty
Package: caption3 2012/01/12 v1.4b caption3 kernel (AR)
\captionmargin=\dimen102
\captionmargin@=\dimen103
\captionwidth=\dimen104
\caption@indent=\dimen105
\caption@parindent=\dimen106
\caption@hangindent=\dimen107
Package caption Info: Unknown document class (or package),
(caption)             standard defaults will be used.
)
\c@KVtest=\count95
\sf@farskip=\skip46
\sf@captopadj=\dimen108
\sf@capskip=\skip47
\sf@nearskip=\skip48
\c@subfigure=\count96
\c@subfigure@save=\count97
\c@lofdepth=\count98
\c@subtable=\count99
\c@subtable@save=\count100
\c@lotdepth=\count101
\sf@top=\skip49
\sf@bottom=\skip50
)
(/usr/local/texlive/2012/texmf-dist/tex/latex/graphics/graphicx.sty
Package: graphicx 1999/02/16 v1.0f Enhanced LaTeX Graphics (DPC,SPQR)

(/usr/local/texlive/2012/texmf-dist/tex/latex/graphics/graphics.sty
Package: graphics 2009/02/05 v1.0o Standard LaTeX Graphics (DPC,SPQR)

(/usr/local/texlive/2012/texmf-dist/tex/latex/graphics/trig.sty
Package: trig 1999/03/16 v1.09 sin cos tan (DPC)
)
(/usr/local/texlive/2012/texmf-dist/tex/latex/latexconfig/graphics.cfg
File: graphics.cfg 2010/04/23 v1.9 graphics configuration of TeX Live
)
Package graphics Info: Driver file: pdftex.def on input line 91.

(/usr/local/texlive/2012/texmf-dist/tex/latex/pdftex-def/pdftex.def
File: pdftex.def 2011/05/27 v0.06d Graphics/color for pdfTeX

(/usr/local/texlive/2012/texmf-dist/tex/generic/oberdiek/infwarerr.sty
Package: infwarerr 2010/04/08 v1.3 Providing info/warning/error messages (HO)
)
(/usr/local/texlive/2012/texmf-dist/tex/generic/oberdiek/ltxcmds.sty
Package: ltxcmds 2011/11/09 v1.22 LaTeX kernel commands for general use (HO)
)
\Gread@gobject=\count102
))
\Gin@req@height=\dimen109
\Gin@req@width=\dimen110
)
(/usr/local/texlive/2012/texmf-dist/tex/latex/graphics/color.sty
Package: color 2005/11/14 v1.0j Standard LaTeX Color (DPC)

(/usr/local/texlive/2012/texmf-dist/tex/latex/latexconfig/color.cfg
File: color.cfg 2007/01/18 v1.5 color configuration of teTeX/TeXLive
)
Package color Info: Driver file: pdftex.def on input line 130.
)
(/usr/local/texlive/2012/texmf-dist/tex/latex/amsmath/amsmath.sty
Package: amsmath 2000/07/18 v2.13 AMS math features
\@mathmargin=\skip51

For additional information on amsmath, use the `?' option.
(/usr/local/texlive/2012/texmf-dist/tex/latex/amsmath/amstext.sty
Package: amstext 2000/06/29 v2.01

(/usr/local/texlive/2012/texmf-dist/tex/latex/amsmath/amsgen.sty
File: amsgen.sty 1999/11/30 v2.0
\@emptytoks=\toks17
\ex@=\dimen111
)
LaTeX Info: Redefining \text on input line 53.
)
(/usr/local/texlive/2012/texmf-dist/tex/latex/amsmath/amsbsy.sty
Package: amsbsy 1999/11/29 v1.2d
\pmbraise@=\dimen112
)
(/usr/local/texlive/2012/texmf-dist/tex/latex/amsmath/amsopn.sty
Package: amsopn 1999/12/14 v2.01 operator names
)
\inf@bad=\count103
LaTeX Info: Redefining \frac on input line 211.
\uproot@=\count104
\leftroot@=\count105
LaTeX Info: Redefining \overline on input line 307.
\classnum@=\count106
\DOTSCASE@=\count107
LaTeX Info: Redefining \ldots on input line 379.
LaTeX Info: Redefining \dots on input line 382.
LaTeX Info: Redefining \cdots on input line 467.
\Mathstrutbox@=\box41
\strutbox@=\box42
\big@size=\dimen113
LaTeX Font Info:    Redeclaring font encoding OML on input line 567.
LaTeX Font Info:    Redeclaring font encoding OMS on input line 568.
\macc@depth=\count108
\c@MaxMatrixCols=\count109
\dotsspace@=\muskip11
\c@parentequation=\count110
\dspbrk@lvl=\count111
\tag@help=\toks18
\row@=\count112
\column@=\count113
\maxfields@=\count114
\andhelp@=\toks19
\eqnshift@=\dimen114
\alignsep@=\dimen115
\tagshift@=\dimen116
\tagwidth@=\dimen117
\totwidth@=\dimen118
\lineht@=\dimen119
\@envbody=\toks20
\multlinegap=\skip52
\multlinetaggap=\skip53
\mathdisplay@stack=\toks21
LaTeX Info: Redefining \[ on input line 2666.
LaTeX Info: Redefining \] on input line 2667.
)
(/usr/local/texlive/2012/texmf-dist/tex/latex/doublestroke/dsfont.sty
Package: dsfont 1995/08/01 v0.1 Double stroke roman fonts
)
(/usr/local/texlive/2012/texmf-dist/tex/latex/tools/xspace.sty
Package: xspace 2009/10/20 v1.13 Space after command names (DPC,MH)
)
(/usr/local/texlive/2012/texmf-dist/tex/latex/tools/bm.sty
Package: bm 2004/02/26 v1.1c Bold Symbol Support (DPC/FMi)
\symboldoperators=\mathgroup4
\symboldletters=\mathgroup5
\symboldsymbols=\mathgroup6
LaTeX Font Info:    Redeclaring math alphabet \mathbf on input line 138.
LaTeX Info: Redefining \bm on input line 204.
)
(/usr/local/texlive/2012/texmf-dist/tex/latex/txfonts/txfonts.sty
Package: txfonts 2008/01/22 v3.2.1
LaTeX Font Info:    Redeclaring symbol font `operators' on input line 21.
LaTeX Font Info:    Overwriting symbol font `operators' in version `normal'
(Font)                  OT1/cmr/m/n --> OT1/txr/m/n on input line 21.
LaTeX Font Info:    Overwriting symbol font `operators' in version `bold'
(Font)                  OT1/cmr/bx/n --> OT1/txr/m/n on input line 21.
LaTeX Font Info:    Overwriting symbol font `operators' in version `bold'
(Font)                  OT1/txr/m/n --> OT1/txr/bx/n on input line 22.
\symitalic=\mathgroup7
LaTeX Font Info:    Overwriting symbol font `italic' in version `bold'
(Font)                  OT1/txr/m/it --> OT1/txr/bx/it on input line 26.
LaTeX Font Info:    Redeclaring math alphabet \mathbf on input line 29.
LaTeX Font Info:    Redeclaring math alphabet \mathit on input line 30.
LaTeX Font Info:    Overwriting math alphabet `\mathit' in version `normal'
(Font)                  OT1/cmr/m/it --> OT1/txr/m/it on input line 30.
LaTeX Font Info:    Overwriting math alphabet `\mathit' in version `bold'
(Font)                  OT1/cmr/bx/it --> OT1/txr/m/it on input line 30.
LaTeX Font Info:    Overwriting math alphabet `\mathit' in version `bold'
(Font)                  OT1/txr/m/it --> OT1/txr/bx/it on input line 31.
LaTeX Font Info:    Redeclaring math alphabet \mathsf on input line 40.
LaTeX Font Info:    Overwriting math alphabet `\mathsf' in version `normal'
(Font)                  OT1/cmss/m/n --> OT1/txss/m/n on input line 40.
LaTeX Font Info:    Overwriting math alphabet `\mathsf' in version `bold'
(Font)                  OT1/cmss/bx/n --> OT1/txss/m/n on input line 40.
LaTeX Font Info:    Overwriting math alphabet `\mathsf' in version `bold'
(Font)                  OT1/txss/m/n --> OT1/txss/b/n on input line 41.
LaTeX Font Info:    Redeclaring math alphabet \mathtt on input line 50.
LaTeX Font Info:    Overwriting math alphabet `\mathtt' in version `normal'
(Font)                  OT1/cmtt/m/n --> OT1/txtt/m/n on input line 50.
LaTeX Font Info:    Overwriting math alphabet `\mathtt' in version `bold'
(Font)                  OT1/cmtt/m/n --> OT1/txtt/m/n on input line 50.
LaTeX Font Info:    Overwriting math alphabet `\mathtt' in version `bold'
(Font)                  OT1/txtt/m/n --> OT1/txtt/b/n on input line 51.
LaTeX Font Info:    Redeclaring symbol font `letters' on input line 58.
LaTeX Font Info:    Overwriting symbol font `letters' in version `normal'
(Font)                  OML/cmm/m/it --> OML/txmi/m/it on input line 58.
LaTeX Font Info:    Overwriting symbol font `letters' in version `bold'
(Font)                  OML/cmm/b/it --> OML/txmi/m/it on input line 58.
LaTeX Font Info:    Overwriting symbol font `letters' in version `bold'
(Font)                  OML/txmi/m/it --> OML/txmi/bx/it on input line 59.
\symlettersA=\mathgroup8
LaTeX Font Info:    Overwriting symbol font `lettersA' in version `bold'
(Font)                  U/txmia/m/it --> U/txmia/bx/it on input line 67.
LaTeX Font Info:    Redeclaring symbol font `symbols' on input line 77.
LaTeX Font Info:    Overwriting symbol font `symbols' in version `normal'
(Font)                  OMS/cmsy/m/n --> OMS/txsy/m/n on input line 77.
LaTeX Font Info:    Overwriting symbol font `symbols' in version `bold'
(Font)                  OMS/cmsy/b/n --> OMS/txsy/m/n on input line 77.
LaTeX Font Info:    Overwriting symbol font `symbols' in version `bold'
(Font)                  OMS/txsy/m/n --> OMS/txsy/bx/n on input line 78.
\symAMSa=\mathgroup9
LaTeX Font Info:    Overwriting symbol font `AMSa' in version `bold'
(Font)                  U/txsya/m/n --> U/txsya/bx/n on input line 94.
\symAMSb=\mathgroup10
LaTeX Font Info:    Overwriting symbol font `AMSb' in version `bold'
(Font)                  U/txsyb/m/n --> U/txsyb/bx/n on input line 103.
\symsymbolsC=\mathgroup11
LaTeX Font Info:    Overwriting symbol font `symbolsC' in version `bold'
(Font)                  U/txsyc/m/n --> U/txsyc/bx/n on input line 113.
LaTeX Font Info:    Redeclaring symbol font `largesymbols' on input line 120.
LaTeX Font Info:    Overwriting symbol font `largesymbols' in version `normal'
(Font)                  OMX/cmex/m/n --> OMX/txex/m/n on input line 120.
LaTeX Font Info:    Overwriting symbol font `largesymbols' in version `bold'
(Font)                  OMX/cmex/m/n --> OMX/txex/m/n on input line 120.
LaTeX Font Info:    Overwriting symbol font `largesymbols' in version `bold'
(Font)                  OMX/txex/m/n --> OMX/txex/bx/n on input line 121.
\symlargesymbolsA=\mathgroup12
LaTeX Font Info:    Overwriting symbol font `largesymbolsA' in version `bold'
(Font)                  U/txexa/m/n --> U/txexa/bx/n on input line 129.
LaTeX Info: Redefining \not on input line 1043.
)
(/usr/local/texlive/2012/texmf-dist/tex/latex/hyperref/hyperref.sty
Package: hyperref 2012/05/13 v6.82q Hypertext links for LaTeX

(/usr/local/texlive/2012/texmf-dist/tex/generic/oberdiek/hobsub-hyperref.sty
Package: hobsub-hyperref 2012/05/28 v1.13 Bundle oberdiek, subset hyperref (HO)


(/usr/local/texlive/2012/texmf-dist/tex/generic/oberdiek/hobsub-generic.sty
Package: hobsub-generic 2012/05/28 v1.13 Bundle oberdiek, subset generic (HO)
Package: hobsub 2012/05/28 v1.13 Construct package bundles (HO)
Package hobsub Info: Skipping package `infwarerr' (already loaded).
Package hobsub Info: Skipping package `ltxcmds' (already loaded).
Package: ifluatex 2010/03/01 v1.3 Provides the ifluatex switch (HO)
Package ifluatex Info: LuaTeX not detected.
Package: ifvtex 2010/03/01 v1.5 Detect VTeX and its facilities (HO)
Package ifvtex Info: VTeX not detected.
Package: intcalc 2007/09/27 v1.1 Expandable calculations with integers (HO)
Package: ifpdf 2011/01/30 v2.3 Provides the ifpdf switch (HO)
Package ifpdf Info: pdfTeX in PDF mode is detected.
Package: etexcmds 2011/02/16 v1.5 Avoid name clashes with e-TeX commands (HO)
Package etexcmds Info: Could not find \expanded.
(etexcmds)             That can mean that you are not using pdfTeX 1.50 or
(etexcmds)             that some package has redefined \expanded.
(etexcmds)             In the latter case, load this package earlier.
Package: kvsetkeys 2012/04/25 v1.16 Key value parser (HO)
Package: kvdefinekeys 2011/04/07 v1.3 Define keys (HO)
Package: pdftexcmds 2011/11/29 v0.20 Utility functions of pdfTeX for LuaTeX (HO
)
Package pdftexcmds Info: LuaTeX not detected.
Package pdftexcmds Info: \pdf@primitive is available.
Package pdftexcmds Info: \pdf@ifprimitive is available.
Package pdftexcmds Info: \pdfdraftmode found.
Package: pdfescape 2011/11/25 v1.13 Implements pdfTeX's escape features (HO)
Package: bigintcalc 2012/04/08 v1.3 Expandable calculations on big integers (HO
)
Package: bitset 2011/01/30 v1.1 Handle bit-vector datatype (HO)
Package: uniquecounter 2011/01/30 v1.2 Provide unlimited unique counter (HO)
)
Package hobsub Info: Skipping package `hobsub' (already loaded).
Package: letltxmacro 2010/09/02 v1.4 Let assignment for LaTeX macros (HO)
Package: hopatch 2012/05/28 v1.2 Wrapper for package hooks (HO)
Package: xcolor-patch 2011/01/30 xcolor patch
Package: atveryend 2011/06/30 v1.8 Hooks at the very end of document (HO)
Package: atbegshi 2011/10/05 v1.16 At begin shipout hook (HO)
Package: refcount 2011/10/16 v3.4 Data extraction from label references (HO)
Package: hycolor 2011/01/30 v1.7 Color options for hyperref/bookmark (HO)
)
(/usr/local/texlive/2012/texmf-dist/tex/generic/ifxetex/ifxetex.sty
Package: ifxetex 2010/09/12 v0.6 Provides ifxetex conditional
)
(/usr/local/texlive/2012/texmf-dist/tex/latex/oberdiek/kvoptions.sty
Package: kvoptions 2011/06/30 v3.11 Key value format for package options (HO)
)
\@linkdim=\dimen120
\Hy@linkcounter=\count115
\Hy@pagecounter=\count116

(/usr/local/texlive/2012/texmf-dist/tex/latex/hyperref/pd1enc.def
File: pd1enc.def 2012/05/13 v6.82q Hyperref: PDFDocEncoding definition (HO)
)
\Hy@SavedSpaceFactor=\count117

(/usr/local/texlive/2012/texmf-dist/tex/latex/latexconfig/hyperref.cfg
File: hyperref.cfg 2002/06/06 v1.2 hyperref configuration of TeXLive
)
Package hyperref Info: Option `plainpages' set `false' on input line 3941.
Package hyperref Info: Option `pdfpagelabels' set `true' on input line 3941.
Package hyperref Info: Option `colorlinks' set `true' on input line 3941.


Package hyperref Warning: Option `a4paper' is no longer used.

Package hyperref Info: Hyper figures OFF on input line 4062.
Package hyperref Info: Link nesting OFF on input line 4067.
Package hyperref Info: Hyper index ON on input line 4070.
Package hyperref Info: Plain pages OFF on input line 4077.
Package hyperref Info: Backreferencing OFF on input line 4082.
Package hyperref Info: Implicit mode ON; LaTeX internals redefined.
Package hyperref Info: Bookmarks ON on input line 4300.
LaTeX Info: Redefining \href on input line 4564.
\c@Hy@tempcnt=\count118
LaTeX Info: Redefining \url on input line 4653.
\Fld@menulength=\count119
\Field@Width=\dimen121
\Fld@charsize=\dimen122
Package hyperref Info: Hyper figures OFF on input line 5773.
Package hyperref Info: Link nesting OFF on input line 5778.
Package hyperref Info: Hyper index ON on input line 5781.
Package hyperref Info: backreferencing OFF on input line 5788.
Package hyperref Info: Link coloring ON on input line 5791.
Package hyperref Info: Link coloring with OCG OFF on input line 5798.
Package hyperref Info: PDF/A mode OFF on input line 5803.
LaTeX Info: Redefining \ref on input line 5843.
LaTeX Info: Redefining \pageref on input line 5847.
\Hy@abspage=\count120
\c@Item=\count121
\c@Hfootnote=\count122
)

Package hyperref Message: Driver (autodetected): hpdftex.

(/usr/local/texlive/2012/texmf-dist/tex/latex/hyperref/hpdftex.def
File: hpdftex.def 2012/05/13 v6.82q Hyperref driver for pdfTeX
\Fld@listcount=\count123
\c@bookmark@seq@number=\count124

(/usr/local/texlive/2012/texmf-dist/tex/latex/oberdiek/rerunfilecheck.sty
Package: rerunfilecheck 2011/04/15 v1.7 Rerun checks for auxiliary files (HO)
Package uniquecounter Info: New unique counter `rerunfilecheck' on input line 2
82.
)
\Hy@SectionHShift=\skip54
)
Class revtex4-1 Info: Patching LaTeX tabular. on input line 58.
Class revtex4-1 Info: Robustifying \LaTeX's \boldmath command on input line 58.

Class revtex4-1 Info: cite was not loaded (OK!) on input line 58.
Class revtex4-1 Info: mcite was not loaded (OK!) on input line 58.
Class revtex4-1 Info: multicol was not loaded (OK!) on input line 58.

(./Image-Effects-in-Transport-Calculations.aux)
\openout1 = `Image-Effects-in-Transport-Calculations.aux'.

LaTeX Font Info:    Checking defaults for OML/txmi/m/it on input line 58.
LaTeX Font Info:    Try loading font information for OML+txmi on input line 58.


(/usr/local/texlive/2012/texmf-dist/tex/latex/txfonts/omltxmi.fd
File: omltxmi.fd 2000/12/15 v3.1
)
LaTeX Font Info:    ... okay on input line 58.
LaTeX Font Info:    Checking defaults for T1/cmr/m/n on input line 58.
LaTeX Font Info:    ... okay on input line 58.
LaTeX Font Info:    Checking defaults for OT1/cmr/m/n on input line 58.
LaTeX Font Info:    ... okay on input line 58.
LaTeX Font Info:    Checking defaults for OMS/txsy/m/n on input line 58.
LaTeX Font Info:    Try loading font information for OMS+txsy on input line 58.


(/usr/local/texlive/2012/texmf-dist/tex/latex/txfonts/omstxsy.fd
File: omstxsy.fd 2000/12/15 v3.1
)
LaTeX Font Info:    ... okay on input line 58.
LaTeX Font Info:    Checking defaults for OMX/txex/m/n on input line 58.
LaTeX Font Info:    Try loading font information for OMX+txex on input line 58.


(/usr/local/texlive/2012/texmf-dist/tex/latex/txfonts/omxtxex.fd
File: omxtxex.fd 2000/12/15 v3.1
)
LaTeX Font Info:    ... okay on input line 58.
LaTeX Font Info:    Checking defaults for U/txexa/m/n on input line 58.
LaTeX Font Info:    Try loading font information for U+txexa on input line 58.

(/usr/local/texlive/2012/texmf-dist/tex/latex/txfonts/utxexa.fd
File: utxexa.fd 2000/12/15 v3.1
)
LaTeX Font Info:    ... okay on input line 58.
LaTeX Font Info:    Checking defaults for PD1/pdf/m/n on input line 58.
LaTeX Font Info:    ... okay on input line 58.
LaTeX Font Info:    Try loading font information for OT1+txr on input line 58.

(/usr/local/texlive/2012/texmf-dist/tex/latex/txfonts/ot1txr.fd
File: ot1txr.fd 2000/12/15 v3.1
)
Package caption Info: Begin \AtBeginDocument code.
Package caption Info: subfig package v1.3 is loaded.
Package caption Info: End \AtBeginDocument code.

(/usr/local/texlive/2012/texmf-dist/tex/context/base/supp-pdf.mkii
[Loading MPS to PDF converter (version 2006.09.02).]
\scratchcounter=\count125
\scratchdimen=\dimen123
\scratchbox=\box43
\nofMPsegments=\count126
\nofMParguments=\count127
\everyMPshowfont=\toks22
\MPscratchCnt=\count128
\MPscratchDim=\dimen124
\MPnumerator=\count129
\makeMPintoPDFobject=\count130
\everyMPtoPDFconversion=\toks23
) (/usr/local/texlive/2012/texmf-dist/tex/latex/oberdiek/epstopdf-base.sty
Package: epstopdf-base 2010/02/09 v2.5 Base part for package epstopdf

(/usr/local/texlive/2012/texmf-dist/tex/latex/oberdiek/grfext.sty
Package: grfext 2010/08/19 v1.1 Manage graphics extensions (HO)
)
Package grfext Info: Graphics extension search list:
(grfext)             [.png,.pdf,.jpg,.mps,.jpeg,.jbig2,.jb2,.PNG,.PDF,.JPG,.JPE
G,.JBIG2,.JB2,.eps]
(grfext)             \AppendGraphicsExtensions on input line 452.

(/usr/local/texlive/2012/texmf-dist/tex/latex/latexconfig/epstopdf-sys.cfg
File: epstopdf-sys.cfg 2010/07/13 v1.3 Configuration of (r)epstopdf for TeX Liv
e
))
\AtBeginShipoutBox=\box44
Package hyperref Info: Link coloring ON on input line 58.

(/usr/local/texlive/2012/texmf-dist/tex/latex/hyperref/nameref.sty
Package: nameref 2010/04/30 v2.40 Cross-referencing by name of section

(/usr/local/texlive/2012/texmf-dist/tex/generic/oberdiek/gettitlestring.sty
Package: gettitlestring 2010/12/03 v1.4 Cleanup title references (HO)
)
\c@section@level=\count131
)
LaTeX Info: Redefining \ref on input line 58.
LaTeX Info: Redefining \pageref on input line 58.
LaTeX Info: Redefining \nameref on input line 58.

(./Image-Effects-in-Transport-Calculations.out)
(./Image-Effects-in-Transport-Calculations.out)
\@outlinefile=\write4
\openout4 = `Image-Effects-in-Transport-Calculations.out'.

Class revtex4-1 Info: Taking \maketitle back from hyperref on input line 58.
\openout3 = `Image-Effects-in-Transport-CalculationsNotes.bib'.



Class revtex4-1 Warning: Ancillary information for Kavli Institute of Nanoscien
ce,\penalty -300\relax  Delft University of Technology,\penalty -300\relax  262
8 CJ Delft,\penalty -300\relax  The Netherlands must not be different! Please p
ut all of it on the first instance.

LaTeX Font Info:    Try loading font information for U+txmia on input line 86.
(/usr/local/texlive/2012/texmf-dist/tex/latex/txfonts/utxmia.fd
File: utxmia.fd 2000/12/15 v3.1
)
LaTeX Font Info:    Try loading font information for U+txsya on input line 86.

(/usr/local/texlive/2012/texmf-dist/tex/latex/txfonts/utxsya.fd
File: utxsya.fd 2000/12/15 v3.1
)
LaTeX Font Info:    Try loading font information for U+txsyb on input line 86.

(/usr/local/texlive/2012/texmf-dist/tex/latex/txfonts/utxsyb.fd
File: utxsyb.fd 2000/12/15 v3.1
)
LaTeX Font Info:    Try loading font information for U+txsyc on input line 86.

(/usr/local/texlive/2012/texmf-dist/tex/latex/txfonts/utxsyc.fd
File: utxsyc.fd 2000/12/15 v3.1
)
LaTeX Font Info:    Try loading font information for OT1+txss on input line 89.


(/usr/local/texlive/2012/texmf-dist/tex/latex/txfonts/ot1txss.fd
File: ot1txss.fd 2000/12/15 v3.1
)
LaTeX Font Info:    Font shape `OT1/txss/m/n' will be
(Font)              scaled to size 13.67995pt on input line 89.
LaTeX Font Info:    Font shape `OT1/txss/bx/n' in size <14.4> not available
(Font)              Font shape `OT1/txss/b/n' tried instead on input line 89.
LaTeX Font Info:    Font shape `OT1/txss/b/n' will be
(Font)              scaled to size 13.67995pt on input line 89.
LaTeX Font Info:    Font shape `OT1/txss/m/n' will be
(Font)              scaled to size 9.49997pt on input line 89.
LaTeX Font Info:    Font shape `OT1/txss/m/n' will be
(Font)              scaled to size 6.64998pt on input line 89.
LaTeX Font Info:    Font shape `OT1/txss/m/n' will be
(Font)              scaled to size 8.54997pt on input line 93.
LaTeX Font Info:    Font shape `OT1/txss/bx/n' in size <9> not available
(Font)              Font shape `OT1/txss/b/n' tried instead on input line 93.
LaTeX Font Info:    Font shape `OT1/txss/b/n' will be
(Font)              scaled to size 8.54997pt on input line 93.
 [1{/usr/local/texlive/2012/texmf-var/fonts/map/pdftex/updmap/pdftex.map}]
Underfull \hbox (badness 1990) in paragraph at lines 102--104
\OT1/txr/m/n/10 operator$[]$ and sim-ple image-charge mod-els based on
 []


Underfull \hbox (badness 2150) in paragraph at lines 109--110
\OT1/txr/m/n/10 metallic in-ter-faces, and al-lows us to ob-tain a de-tailed
 []

Package epstopdf Info: Source file: <landscape4.eps>
(epstopdf)                    date: 2015-03-06 08:10:37
(epstopdf)                    size: 280635 bytes
(epstopdf)             Output file: <landscape4-eps-converted-to.pdf>
(epstopdf)                    date: 2015-03-06 13:51:11
(epstopdf)                    size: 79650 bytes
(epstopdf)             Command: <repstopdf --outfile=landscape4-eps-converted-t
o.pdf landscape4.eps>
(epstopdf)             \includegraphics on input line 121.
Package epstopdf Info: Output file is already uptodate.
<landscape4-eps-converted-to.pdf, id=141, 208.78pt x 80.3pt>
File: landscape4-eps-converted-to.pdf Graphic file (type pdf)

<use landscape4-eps-converted-to.pdf>
Package pdftex.def Info: landscape4-eps-converted-to.pdf used on input line 121
.
(pdftex.def)             Requested size: 295.19925pt x 113.55382pt.
Package epstopdf Info: Source file: <landscape7a.eps>
(epstopdf)                    date: 2015-03-05 16:52:44
(epstopdf)                    size: 340299 bytes
(epstopdf)             Output file: <landscape7a-eps-converted-to.pdf>
(epstopdf)                    date: 2015-03-05 16:57:48
(epstopdf)                    size: 142453 bytes
(epstopdf)             Command: <repstopdf --outfile=landscape7a-eps-converted-
to.pdf landscape7a.eps>
(epstopdf)             \includegraphics on input line 124.
Package epstopdf Info: Output file is already uptodate.

<landscape7a-eps-converted-to.pdf, id=142, 558.085pt x 252.945pt>
File: landscape7a-eps-converted-to.pdf Graphic file (type pdf)

<use landscape7a-eps-converted-to.pdf>
Package pdftex.def Info: landscape7a-eps-converted-to.pdf used on input line 12
4.
(pdftex.def)             Requested size: 246.0pt x 111.49684pt.

<landscape7b.pdf, id=143, 557.12248pt x 226.57147pt>
File: landscape7b.pdf Graphic file (type pdf)
 <use landscape7b.pdf>
Package pdftex.def Info: landscape7b.pdf used on input line 127.
(pdftex.def)             Requested size: 246.0pt x 100.04437pt.

[2] [3 <./landscape4-eps-converted-to.pdf> <./landscape7a-eps-converted-to.pdf>
 <./landscape7b.pdf>] [4]
Underfull \hbox (badness 1132) in paragraph at lines 175--178
\OT1/txr/m/n/10 effect,$[]$ and the po-lar-iza-tion re-sponse to charge
 []


Underfull \hbox (badness 4316) in paragraph at lines 191--193
\OT1/txr/m/n/10 which is cru-cial for un-der-stand-ing and de-sign-ing fu-
 []


Underfull \hbox (badness 4168) in paragraph at lines 191--193
\OT1/txr/m/n/10 ture molec-u-lar de-vices. These ef-fects are im-por-tant
 []


Underfull \hbox (badness 1584) in paragraph at lines 191--193
\OT1/txr/m/n/10 in many nanoscale molec-u-lar sys-tems, as has been ar-
 []

[5]
Package epstopdf Info: Source file: <mirrorplanes.eps>
(epstopdf)                    date: 2015-03-06 08:17:47
(epstopdf)                    size: 149396 bytes
(epstopdf)             Output file: <mirrorplanes-eps-converted-to.pdf>
(epstopdf)                    date: 2015-03-06 13:51:12
(epstopdf)                    size: 41383 bytes
(epstopdf)             Command: <repstopdf --outfile=mirrorplanes-eps-converted
-to.pdf mirrorplanes.eps>
(epstopdf)             \includegraphics on input line 210.
Package epstopdf Info: Output file is already uptodate.
 <mirrorplanes-eps-converted-to.pdf, id=344, 222.8325pt x 77.28876pt>
File: mirrorplanes-eps-converted-to.pdf Graphic file (type pdf)

<use mirrorplanes-eps-converted-to.pdf>
Package pdftex.def Info: mirrorplanes-eps-converted-to.pdf used on input line 2
10.
(pdftex.def)             Requested size: 246.0pt x 85.32568pt.

Underfull \hbox (badness 1874) in paragraph at lines 221--228
\OT1/txr/m/n/10 where we col-lect all the ef-fects not de-pend-ing on the
 []

[6 <./mirrorplanes-eps-converted-to.pdf>]
Underfull \hbox (badness 1024) in paragraph at lines 264--265
[]\OT1/txr/m/n/10 There is ev-i-dence that metal-molecule-metal junc-tions,
 []


Underfull \hbox (badness 1303) in paragraph at lines 264--265
\OT1/txr/m/n/10 formed by Au point con-tacts, ex-hibit re-pro-ducible con-
 []

[7]
Package epstopdf Info: Source file: <BDA-fragment.eps>
(epstopdf)                    date: 2015-03-06 14:12:13
(epstopdf)                    size: 308179 bytes
(epstopdf)             Output file: <BDA-fragment-eps-converted-to.pdf>
(epstopdf)             Command: <repstopdf --outfile=BDA-fragment-eps-converted
-to.pdf BDA-fragment.eps>
(epstopdf)             \includegraphics on input line 277.
runsystem(repstopdf --outfile=BDA-fragment-eps-converted-to.pdf BDA-fragment.ep
s)...executed safely (allowed).

Package epstopdf Info: Result file: <BDA-fragment-eps-converted-to.pdf>
(epstopdf)                    date: 2015-03-06 14:13:45
(epstopdf)                    size: 8712 bytes.
 <BDA-fragment-eps-converted-to.pdf, id=391, 215.80624pt x 148.555pt>
File: BDA-fragment-eps-converted-to.pdf Graphic file (type pdf)

<use BDA-fragment-eps-converted-to.pdf>
Package pdftex.def Info: BDA-fragment-eps-converted-to.pdf used on input line 2
77.
(pdftex.def)             Requested size: 116.8515pt x 80.4361pt.
Package epstopdf Info: Source file: <BDA-fragment-au.eps>
(epstopdf)                    date: 2015-03-06 14:12:13
(epstopdf)                    size: 559967 bytes
(epstopdf)             Output file: <BDA-fragment-au-eps-converted-to.pdf>
(epstopdf)             Command: <repstopdf --outfile=BDA-fragment-au-eps-conver
ted-to.pdf BDA-fragment-au.eps>
(epstopdf)             \includegraphics on input line 278.
runsystem(repstopdf --outfile=BDA-fragment-au-eps-converted-to.pdf BDA-fragment
-au.eps)...executed safely (allowed).

Package epstopdf Info: Result file: <BDA-fragment-au-eps-converted-to.pdf>
(epstopdf)                    date: 2015-03-06 14:13:46
(epstopdf)                    size: 11897 bytes.

<BDA-fragment-au-eps-converted-to.pdf, id=392, 401.5pt x 228.855pt>
File: BDA-fragment-au-eps-converted-to.pdf Graphic file (type pdf)

<use BDA-fragment-au-eps-converted-to.pdf>
Package pdftex.def Info: BDA-fragment-au-eps-converted-to.pdf used on input lin
e 278.
(pdftex.def)             Requested size: 129.1485pt x 73.61572pt.
Package epstopdf Info: Source file: <BDA-binding1.eps>
(epstopdf)                    date: 2015-03-06 14:12:12
(epstopdf)                    size: 450579 bytes
(epstopdf)             Output file: <BDA-binding1-eps-converted-to.pdf>
(epstopdf)             Command: <repstopdf --outfile=BDA-binding1-eps-converted
-to.pdf BDA-binding1.eps>
(epstopdf)             \includegraphics on input line 279.
runsystem(repstopdf --outfile=BDA-binding1-eps-converted-to.pdf BDA-binding1.ep
s)...executed safely (allowed).

Package epstopdf Info: Result file: <BDA-binding1-eps-converted-to.pdf>
(epstopdf)                    date: 2015-03-06 14:13:47
(epstopdf)                    size: 27402 bytes.

<BDA-binding1-eps-converted-to.pdf, id=393, 401.5pt x 183.68625pt>
File: BDA-binding1-eps-converted-to.pdf Graphic file (type pdf)

<use BDA-binding1-eps-converted-to.pdf>
Package pdftex.def Info: BDA-binding1-eps-converted-to.pdf used on input line 2
79.
(pdftex.def)             Requested size: 209.1015pt x 95.66592pt.
Package epstopdf Info: Source file: <BDA-LUMO+1.eps>
(epstopdf)                    date: 2015-03-06 14:12:12
(epstopdf)                    size: 535654 bytes
(epstopdf)             Output file: <BDA-LUMO+1-eps-converted-to.pdf>
(epstopdf)             Command: <repstopdf --outfile=BDA-LUMO+1-eps-converted-t
o.pdf BDA-LUMO+1.eps>
(epstopdf)             \includegraphics on input line 284.
runsystem(repstopdf --outfile=BDA-LUMO+1-eps-converted-to.pdf BDA-LUMO+1.eps)..
.executed safely (allowed).

Package epstopdf Info: Result file: <BDA-LUMO+1-eps-converted-to.pdf>
(epstopdf)                    date: 2015-03-06 14:13:48
(epstopdf)                    size: 15831 bytes.

<BDA-LUMO+1-eps-converted-to.pdf, id=394, 401.5pt x 218.8175pt>
File: BDA-LUMO+1-eps-converted-to.pdf Graphic file (type pdf)

<use BDA-LUMO+1-eps-converted-to.pdf>
Package pdftex.def Info: BDA-LUMO+1-eps-converted-to.pdf used on input line 284
.
(pdftex.def)             Requested size: 123.0pt x 67.03473pt.
Package epstopdf Info: Source file: <BDA-LUMO.eps>
(epstopdf)                    date: 2015-03-06 14:12:12
(epstopdf)                    size: 511344 bytes
(epstopdf)             Output file: <BDA-LUMO-eps-converted-to.pdf>
(epstopdf)             Command: <repstopdf --outfile=BDA-LUMO-eps-converted-to.
pdf BDA-LUMO.eps>
(epstopdf)             \includegraphics on input line 285.
runsystem(repstopdf --outfile=BDA-LUMO-eps-converted-to.pdf BDA-LUMO.eps)...exe
cuted safely (allowed).

Package epstopdf Info: Result file: <BDA-LUMO-eps-converted-to.pdf>
(epstopdf)                    date: 2015-03-06 14:13:49
(epstopdf)                    size: 13046 bytes.

<BDA-LUMO-eps-converted-to.pdf, id=395, 401.5pt x 208.78pt>
File: BDA-LUMO-eps-converted-to.pdf Graphic file (type pdf)

<use BDA-LUMO-eps-converted-to.pdf>
Package pdftex.def Info: BDA-LUMO-eps-converted-to.pdf used on input line 285.
(pdftex.def)             Requested size: 123.0pt x 63.95973pt.

Overfull \hbox (9.0pt too wide) in paragraph at lines 284--285
 [][][][] 
 []

Package epstopdf Info: Source file: <BDA-HOMO.eps>
(epstopdf)                    date: 2015-03-06 14:12:12
(epstopdf)                    size: 535652 bytes
(epstopdf)             Output file: <BDA-HOMO-eps-converted-to.pdf>
(epstopdf)             Command: <repstopdf --outfile=BDA-HOMO-eps-converted-to.
pdf BDA-HOMO.eps>
(epstopdf)             \includegraphics on input line 286.
runsystem(repstopdf --outfile=BDA-HOMO-eps-converted-to.pdf BDA-HOMO.eps)...exe
cuted safely (allowed).

Package epstopdf Info: Result file: <BDA-HOMO-eps-converted-to.pdf>
(epstopdf)                    date: 2015-03-06 14:13:50
(epstopdf)                    size: 13982 bytes.
<BDA-HOMO-eps-converted-to.pdf, id=396, 401.5pt x 218.8175pt>
File: BDA-HOMO-eps-converted-to.pdf Graphic file (type pdf)

<use BDA-HOMO-eps-converted-to.pdf>
Package pdftex.def Info: BDA-HOMO-eps-converted-to.pdf used on input line 286.
(pdftex.def)             Requested size: 123.0pt x 67.03473pt.
Package epstopdf Info: Source file: <BDA-HOMO-1.eps>
(epstopdf)                    date: 2015-03-06 14:12:12
(epstopdf)                    size: 535654 bytes
(epstopdf)             Output file: <BDA-HOMO-1-eps-converted-to.pdf>
(epstopdf)             Command: <repstopdf --outfile=BDA-HOMO-1-eps-converted-t
o.pdf BDA-HOMO-1.eps>
(epstopdf)             \includegraphics on input line 287.
runsystem(repstopdf --outfile=BDA-HOMO-1-eps-converted-to.pdf BDA-HOMO-1.eps)..
.executed safely (allowed).

Package epstopdf Info: Result file: <BDA-HOMO-1-eps-converted-to.pdf>
(epstopdf)                    date: 2015-03-06 14:13:51
(epstopdf)                    size: 12633 bytes.

<BDA-HOMO-1-eps-converted-to.pdf, id=397, 401.5pt x 218.8175pt>
File: BDA-HOMO-1-eps-converted-to.pdf Graphic file (type pdf)

<use BDA-HOMO-1-eps-converted-to.pdf>
Package pdftex.def Info: BDA-HOMO-1-eps-converted-to.pdf used on input line 287
.
(pdftex.def)             Requested size: 123.0pt x 67.03473pt.

Overfull \hbox (9.0pt too wide) in paragraph at lines 286--288
 [][][][] 
 []

Package epstopdf Info: Source file: <BDA-fragment-LUMO+1.eps>
(epstopdf)                    date: 2015-03-06 14:12:12
(epstopdf)                    size: 535663 bytes
(epstopdf)             Output file: <BDA-fragment-LUMO+1-eps-converted-to.pdf>
(epstopdf)             Command: <repstopdf --outfile=BDA-fragment-LUMO+1-eps-co
nverted-to.pdf BDA-fragment-LUMO+1.eps>
(epstopdf)             \includegraphics on input line 292.
runsystem(repstopdf --outfile=BDA-fragment-LUMO+1-eps-converted-to.pdf BDA-frag
ment-LUMO+1.eps)...executed safely (allowed).

Package epstopdf Info: Result file: <BDA-fragment-LUMO+1-eps-converted-to.pdf>
(epstopdf)                    date: 2015-03-06 14:13:52
(epstopdf)                    size: 22937 bytes.
<BDA-fragment-LUMO+1-eps-converted-to.pdf, id=398, 401.5pt x 218.8175pt>
File: BDA-fragment-LUMO+1-eps-converted-to.pdf Graphic file (type pdf)

<use BDA-fragment-LUMO+1-eps-converted-to.pdf>
Package pdftex.def Info: BDA-fragment-LUMO+1-eps-converted-to.pdf used on input
 line 292.
(pdftex.def)             Requested size: 98.3985pt x 53.62578pt.
Package epstopdf Info: Source file: <BDA-fragment-LUMO.eps>
(epstopdf)                    date: 2015-03-06 14:12:13
(epstopdf)                    size: 535661 bytes
(epstopdf)             Output file: <BDA-fragment-LUMO-eps-converted-to.pdf>
(epstopdf)             Command: <repstopdf --outfile=BDA-fragment-LUMO-eps-conv
erted-to.pdf BDA-fragment-LUMO.eps>
(epstopdf)             \includegraphics on input line 293.
runsystem(repstopdf --outfile=BDA-fragment-LUMO-eps-converted-to.pdf BDA-fragme
nt-LUMO.eps)...executed safely (allowed).

Package epstopdf Info: Result file: <BDA-fragment-LUMO-eps-converted-to.pdf>
(epstopdf)                    date: 2015-03-06 14:13:53
(epstopdf)                    size: 21873 bytes.

<BDA-fragment-LUMO-eps-converted-to.pdf, id=399, 401.5pt x 218.8175pt>
File: BDA-fragment-LUMO-eps-converted-to.pdf Graphic file (type pdf)

<use BDA-fragment-LUMO-eps-converted-to.pdf>
Package pdftex.def Info: BDA-fragment-LUMO-eps-converted-to.pdf used on input l
ine 293.
(pdftex.def)             Requested size: 98.3985pt x 53.62578pt.
Package epstopdf Info: Source file: <BDA-fragment-hybrid1.eps>
(epstopdf)                    date: 2015-03-06 14:12:13
(epstopdf)                    size: 535664 bytes
(epstopdf)             Output file: <BDA-fragment-hybrid1-eps-converted-to.pdf>

(epstopdf)             Command: <repstopdf --outfile=BDA-fragment-hybrid1-eps-c
onverted-to.pdf BDA-fragment-hybrid1.eps>
(epstopdf)             \includegraphics on input line 294.
runsystem(repstopdf --outfile=BDA-fragment-hybrid1-eps-converted-to.pdf BDA-fra
gment-hybrid1.eps)...executed safely (allowed).

Package epstopdf Info: Result file: <BDA-fragment-hybrid1-eps-converted-to.pdf>

(epstopdf)                    date: 2015-03-06 14:13:54
(epstopdf)                    size: 25121 bytes.

<BDA-fragment-hybrid1-eps-converted-to.pdf, id=400, 401.5pt x 218.8175pt>
File: BDA-fragment-hybrid1-eps-converted-to.pdf Graphic file (type pdf)

<use BDA-fragment-hybrid1-eps-converted-to.pdf>
Package pdftex.def Info: BDA-fragment-hybrid1-eps-converted-to.pdf used on inpu
t line 294.
(pdftex.def)             Requested size: 98.3985pt x 53.62578pt.
Package epstopdf Info: Source file: <BDA-fragment-hybrid2.eps>
(epstopdf)                    date: 2015-03-06 14:12:13
(epstopdf)                    size: 535664 bytes
(epstopdf)             Output file: <BDA-fragment-hybrid2-eps-converted-to.pdf>

(epstopdf)             Command: <repstopdf --outfile=BDA-fragment-hybrid2-eps-c
onverted-to.pdf BDA-fragment-hybrid2.eps>
(epstopdf)             \includegraphics on input line 295.
runsystem(repstopdf --outfile=BDA-fragment-hybrid2-eps-converted-to.pdf BDA-fra
gment-hybrid2.eps)...executed safely (allowed).

Package epstopdf Info: Result file: <BDA-fragment-hybrid2-eps-converted-to.pdf>

(epstopdf)                    date: 2015-03-06 14:13:56
(epstopdf)                    size: 25047 bytes.

<BDA-fragment-hybrid2-eps-converted-to.pdf, id=401, 401.5pt x 218.8175pt>
File: BDA-fragment-hybrid2-eps-converted-to.pdf Graphic file (type pdf)

<use BDA-fragment-hybrid2-eps-converted-to.pdf>
Package pdftex.def Info: BDA-fragment-hybrid2-eps-converted-to.pdf used on inpu
t line 295.
(pdftex.def)             Requested size: 98.3985pt x 53.62578pt.
Package epstopdf Info: Source file: <BDA-fragment-HOMO.eps>
(epstopdf)                    date: 2015-03-06 14:12:12
(epstopdf)                    size: 535661 bytes
(epstopdf)             Output file: <BDA-fragment-HOMO-eps-converted-to.pdf>
(epstopdf)             Command: <repstopdf --outfile=BDA-fragment-HOMO-eps-conv
erted-to.pdf BDA-fragment-HOMO.eps>
(epstopdf)             \includegraphics on input line 296.
runsystem(repstopdf --outfile=BDA-fragment-HOMO-eps-converted-to.pdf BDA-fragme
nt-HOMO.eps)...executed safely (allowed).

Package epstopdf Info: Result file: <BDA-fragment-HOMO-eps-converted-to.pdf>
(epstopdf)                    date: 2015-03-06 14:13:57
(epstopdf)                    size: 21647 bytes.

<BDA-fragment-HOMO-eps-converted-to.pdf, id=402, 401.5pt x 218.8175pt>
File: BDA-fragment-HOMO-eps-converted-to.pdf Graphic file (type pdf)

<use BDA-fragment-HOMO-eps-converted-to.pdf>
Package pdftex.def Info: BDA-fragment-HOMO-eps-converted-to.pdf used on input l
ine 296.
(pdftex.def)             Requested size: 98.3985pt x 53.62578pt.
Package epstopdf Info: Source file: <BDA-fragment-HOMO-1.eps>
(epstopdf)                    date: 2015-03-06 14:12:12
(epstopdf)                    size: 535663 bytes
(epstopdf)             Output file: <BDA-fragment-HOMO-1-eps-converted-to.pdf>
(epstopdf)             Command: <repstopdf --outfile=BDA-fragment-HOMO-1-eps-co
nverted-to.pdf BDA-fragment-HOMO-1.eps>
(epstopdf)             \includegraphics on input line 297.
runsystem(repstopdf --outfile=BDA-fragment-HOMO-1-eps-converted-to.pdf BDA-frag
ment-HOMO-1.eps)...executed safely (allowed).

Package epstopdf Info: Result file: <BDA-fragment-HOMO-1-eps-converted-to.pdf>
(epstopdf)                    date: 2015-03-06 14:13:58
(epstopdf)                    size: 19331 bytes.

<BDA-fragment-HOMO-1-eps-converted-to.pdf, id=403, 401.5pt x 218.8175pt>
File: BDA-fragment-HOMO-1-eps-converted-to.pdf Graphic file (type pdf)

<use BDA-fragment-HOMO-1-eps-converted-to.pdf>
Package pdftex.def Info: BDA-fragment-HOMO-1-eps-converted-to.pdf used on input
 line 297.
(pdftex.def)             Requested size: 98.3985pt x 53.62578pt.
 [8 <./BDA-fragment-eps-converted-to.pdf> <./BDA-fragment-au-eps-converted-to.p
df> <./BDA-binding1-eps-converted-to.pdf>]

LaTeX Warning: A float is stuck (cannot be placed) on input line 302.


LaTeX Warning: A float is stuck (cannot be placed) on input line 302.


Class revtex4-1 Warning: Deferred float stuck during \clearpage processing.

Package epstopdf Info: Source file: <gating-BDA-GGA-N.eps>
(epstopdf)                    date: 2014-10-13 17:16:32
(epstopdf)                    size: 64996 bytes
(epstopdf)             Output file: <gating-BDA-GGA-N-eps-converted-to.pdf>
(epstopdf)                    date: 2015-03-05 12:35:40
(epstopdf)                    size: 21146 bytes
(epstopdf)             Command: <repstopdf --outfile=gating-BDA-GGA-N-eps-conve
rted-to.pdf gating-BDA-GGA-N.eps>
(epstopdf)             \includegraphics on input line 311.
Package epstopdf Info: Output file is already uptodate.
<gating-BDA-GGA-N-eps-converted-to.pdf, id=443, 633.36626pt x 475.7775pt>
File: gating-BDA-GGA-N-eps-converted-to.pdf Graphic file (type pdf)

<use gating-BDA-GGA-N-eps-converted-to.pdf>
Package pdftex.def Info: gating-BDA-GGA-N-eps-converted-to.pdf used on input li
ne 311.
(pdftex.def)             Requested size: 196.80075pt x 147.8307pt.
 [9 <./BDA-LUMO+1-eps-converted-to.pdf> <./BDA-LUMO-eps-converted-to.pdf> <./BD
A-HOMO-eps-converted-to.pdf> <./BDA-HOMO-1-eps-converted-to.pdf> <./BDA-fragmen
t-LUMO+1-eps-converted-to.pdf> <./BDA-fragment-LUMO-eps-converted-to.pdf> <./BD
A-fragment-hybrid1-eps-converted-to.pdf> <./BDA-fragment-hybrid2-eps-converted-
to.pdf> <./BDA-fragment-HOMO-eps-converted-to.pdf> <./BDA-fragment-HOMO-1-eps-c
onverted-to.pdf>]
Package epstopdf Info: Source file: <BDA-decomposition.eps>
(epstopdf)                    date: 2014-10-30 16:45:10
(epstopdf)                    size: 39272 bytes
(epstopdf)             Output file: <BDA-decomposition-eps-converted-to.pdf>
(epstopdf)                    date: 2015-03-05 12:39:37
(epstopdf)                    size: 10223 bytes
(epstopdf)             Command: <repstopdf --outfile=BDA-decomposition-eps-conv
erted-to.pdf BDA-decomposition.eps>
(epstopdf)             \includegraphics on input line 322.
Package epstopdf Info: Output file is already uptodate.

<BDA-decomposition-eps-converted-to.pdf, id=493, 546.04pt x 307.1475pt>
File: BDA-decomposition-eps-converted-to.pdf Graphic file (type pdf)

<use BDA-decomposition-eps-converted-to.pdf>
Package pdftex.def Info: BDA-decomposition-eps-converted-to.pdf used on input l
ine 322.
(pdftex.def)             Requested size: 246.0pt x 138.37444pt.
 [10 <./gating-BDA-GGA-N-eps-converted-to.pdf> <./BDA-decomposition-eps-convert
ed-to.pdf>]
Package epstopdf Info: Source file: <contacts.eps>
(epstopdf)                    date: 2014-08-08 13:16:42
(epstopdf)                    size: 81230 bytes
(epstopdf)             Output file: <contacts-eps-converted-to.pdf>
(epstopdf)                    date: 2015-03-05 12:39:39
(epstopdf)                    size: 32182 bytes
(epstopdf)             Command: <repstopdf --outfile=contacts-eps-converted-to.
pdf contacts.eps>
(epstopdf)             \includegraphics on input line 338.
Package epstopdf Info: Output file is already uptodate.

<contacts-eps-converted-to.pdf, id=520, 321.2pt x 346.29375pt>
File: contacts-eps-converted-to.pdf Graphic file (type pdf)

<use contacts-eps-converted-to.pdf>
Package pdftex.def Info: contacts-eps-converted-to.pdf used on input line 338.
(pdftex.def)             Requested size: 110.69925pt x 119.34465pt.
Package epstopdf Info: Source file: <SingleGapPlotBDA.eps>
(epstopdf)                    date: 2014-09-15 16:00:13
(epstopdf)                    size: 29763 bytes
(epstopdf)             Output file: <SingleGapPlotBDA-eps-converted-to.pdf>
(epstopdf)                    date: 2015-03-05 12:39:40
(epstopdf)                    size: 8926 bytes
(epstopdf)             Command: <repstopdf --outfile=SingleGapPlotBDA-eps-conve
rted-to.pdf SingleGapPlotBDA.eps>
(epstopdf)             \includegraphics on input line 341.
Package epstopdf Info: Output file is already uptodate.

<SingleGapPlotBDA-eps-converted-to.pdf, id=521, 318.18875pt x 332.24126pt>
File: SingleGapPlotBDA-eps-converted-to.pdf Graphic file (type pdf)

<use SingleGapPlotBDA-eps-converted-to.pdf>
Package pdftex.def Info: SingleGapPlotBDA-eps-converted-to.pdf used on input li
ne 341.
(pdftex.def)             Requested size: 135.30075pt x 141.27417pt.

Overfull \hbox (9.0pt too wide) in paragraph at lines 338--342
 [][][][] 
 []


LaTeX Warning: Command \r invalid in math mode on input line 346.

Package epstopdf Info: Source file: <Us_vs_Mowbraygas_BDA-ref.eps>
(epstopdf)                    date: 2014-10-31 02:48:12
(epstopdf)                    size: 25840 bytes
(epstopdf)             Output file: <Us_vs_Mowbraygas_BDA-ref-eps-converted-to.
pdf>
(epstopdf)                    date: 2015-03-05 12:42:47
(epstopdf)                    size: 10566 bytes
(epstopdf)             Command: <repstopdf --outfile=Us_vs_Mowbraygas_BDA-ref-e
ps-converted-to.pdf Us_vs_Mowbraygas_BDA-ref.eps>
(epstopdf)             \includegraphics on input line 351.
Package epstopdf Info: Output file is already uptodate.

<Us_vs_Mowbraygas_BDA-ref-eps-converted-to.pdf, id=525, 318.18875pt x 332.24126
pt>
File: Us_vs_Mowbraygas_BDA-ref-eps-converted-to.pdf Graphic file (type pdf)
 <use Us_vs_Mowbraygas_BDA-ref-eps-converted-to.pdf>
Package pdftex.def Info: Us_vs_Mowbraygas_BDA-ref-eps-converted-to.pdf used on 
input line 351.
(pdftex.def)             Requested size: 196.80075pt x 205.49062pt.

Underfull \hbox (badness 7685) in paragraph at lines 365--369
\OT1/txr/m/n/10 who stud-ied thiol-terminated zinc-porphyrin molecules
 []


Underfull \hbox (badness 2042) in paragraph at lines 365--369
\OT1/txr/m/n/10 [Zn(5,15-di(p-thiolphenyl)-10,20-di(p-tolyl)porphyrin)], ab-
 []

[11 <./contacts-eps-converted-to.pdf> <./SingleGapPlotBDA-eps-converted-to.pdf>
 <./Us_vs_Mowbraygas_BDA-ref-eps-converted-to.pdf>]
Package epstopdf Info: Source file: <Fig3TH.eps>
(epstopdf)                    date: 2015-03-06 14:12:14
(epstopdf)                    size: 18503351 bytes
(epstopdf)             Output file: <Fig3TH-eps-converted-to.pdf>
(epstopdf)             Command: <repstopdf --outfile=Fig3TH-eps-converted-to.pd
f Fig3TH.eps>
(epstopdf)             \includegraphics on input line 378.
runsystem(repstopdf --outfile=Fig3TH-eps-converted-to.pdf Fig3TH.eps)...execute
d safely (allowed).

Package epstopdf Info: Result file: <Fig3TH-eps-converted-to.pdf>
(epstopdf)                    date: 2015-03-06 14:14:02
(epstopdf)                    size: 477860 bytes.

<Fig3TH-eps-converted-to.pdf, id=555, 475.7775pt x 371.3875pt>
File: Fig3TH-eps-converted-to.pdf Graphic file (type pdf)

<use Fig3TH-eps-converted-to.pdf>
Package pdftex.def Info: Fig3TH-eps-converted-to.pdf used on input line 378.
(pdftex.def)             Requested size: 221.3985pt x 172.82373pt.
LaTeX Font Info:    Font shape `OT1/txss/bx/it' in size <9> not available
(Font)              Font shape `OT1/txss/b/sl' tried instead on input line 396.

LaTeX Font Info:    Font shape `OT1/txss/b/sl' will be
(Font)              scaled to size 8.54997pt on input line 396.
Package epstopdf Info: Source file: <ZnTPP-fragment.eps>
(epstopdf)                    date: 2015-03-06 14:12:15
(epstopdf)                    size: 953750 bytes
(epstopdf)             Output file: <ZnTPP-fragment-eps-converted-to.pdf>
(epstopdf)             Command: <repstopdf --outfile=ZnTPP-fragment-eps-convert
ed-to.pdf ZnTPP-fragment.eps>
(epstopdf)             \includegraphics on input line 400.
runsystem(repstopdf --outfile=ZnTPP-fragment-eps-converted-to.pdf ZnTPP-fragmen
t.eps)...executed safely (allowed).

Package epstopdf Info: Result file: <ZnTPP-fragment-eps-converted-to.pdf>
(epstopdf)                    date: 2015-03-06 14:14:03
(epstopdf)                    size: 29891 bytes.

<ZnTPP-fragment-eps-converted-to.pdf, id=558, 401.5pt x 391.4625pt>
File: ZnTPP-fragment-eps-converted-to.pdf Graphic file (type pdf)

<use ZnTPP-fragment-eps-converted-to.pdf>
Package pdftex.def Info: ZnTPP-fragment-eps-converted-to.pdf used on input line
 400.
(pdftex.def)             Requested size: 104.55075pt x 101.93315pt.
Package epstopdf Info: Source file: <ZnTPP-fragment-au.eps>
(epstopdf)                    date: 2015-03-06 14:12:15
(epstopdf)                    size: 773877 bytes
(epstopdf)             Output file: <ZnTPP-fragment-au-eps-converted-to.pdf>
(epstopdf)             Command: <repstopdf --outfile=ZnTPP-fragment-au-eps-conv
erted-to.pdf ZnTPP-fragment-au.eps>
(epstopdf)             \includegraphics on input line 401.
runsystem(repstopdf --outfile=ZnTPP-fragment-au-eps-converted-to.pdf ZnTPP-frag
ment-au.eps)...executed safely (allowed).

Package epstopdf Info: Result file: <ZnTPP-fragment-au-eps-converted-to.pdf>
(epstopdf)                    date: 2015-03-06 14:14:04
(epstopdf)                    size: 23886 bytes.

<ZnTPP-fragment-au-eps-converted-to.pdf, id=559, 401.5pt x 317.185pt>
File: ZnTPP-fragment-au-eps-converted-to.pdf Graphic file (type pdf)

<use ZnTPP-fragment-au-eps-converted-to.pdf>
Package pdftex.def Info: ZnTPP-fragment-au-eps-converted-to.pdf used on input l
ine 401.
(pdftex.def)             Requested size: 129.1485pt x 102.02881pt.
Package epstopdf Info: Source file: <ZnTPP-binding1.eps>
(epstopdf)                    date: 2015-03-06 14:12:14
(epstopdf)                    size: 630469 bytes
(epstopdf)             Output file: <ZnTPP-binding1-eps-converted-to.pdf>
(epstopdf)             Command: <repstopdf --outfile=ZnTPP-binding1-eps-convert
ed-to.pdf ZnTPP-binding1.eps>
(epstopdf)             \includegraphics on input line 402.
runsystem(repstopdf --outfile=ZnTPP-binding1-eps-converted-to.pdf ZnTPP-binding
1.eps)...executed safely (allowed).

Package epstopdf Info: Result file: <ZnTPP-binding1-eps-converted-to.pdf>
(epstopdf)                    date: 2015-03-06 14:14:05
(epstopdf)                    size: 27104 bytes.

<ZnTPP-binding1-eps-converted-to.pdf, id=560, 406.51875pt x 260.975pt>
File: ZnTPP-binding1-eps-converted-to.pdf Graphic file (type pdf)

<use ZnTPP-binding1-eps-converted-to.pdf>
Package pdftex.def Info: ZnTPP-binding1-eps-converted-to.pdf used on input line
 402.
(pdftex.def)             Requested size: 221.3985pt x 142.131pt.

<n_occups_Zn.pdf, id=564, 177.69456pt x 245.232pt>
File: n_occups_Zn.pdf Graphic file (type pdf)
 <use n_occups_Zn.pdf>
Package pdftex.def Info: n_occups_Zn.pdf used on input line 413.
(pdftex.def)             Requested size: 81.18045pt x 112.03723pt.
Package epstopdf Info: Source file: <ZnTPP-fragment-LUMO+1.eps>
(epstopdf)                    date: 2015-03-06 14:12:14
(epstopdf)                    size: 788465 bytes
(epstopdf)             Output file: <ZnTPP-fragment-LUMO+1-eps-converted-to.pdf
>
(epstopdf)             Command: <repstopdf --outfile=ZnTPP-fragment-LUMO+1-eps-
converted-to.pdf ZnTPP-fragment-LUMO+1.eps>
(epstopdf)             \includegraphics on input line 419.
runsystem(repstopdf --outfile=ZnTPP-fragment-LUMO+1-eps-converted-to.pdf ZnTPP-
fragment-LUMO+1.eps)...executed safely (allowed).

Package epstopdf Info: Result file: <ZnTPP-fragment-LUMO+1-eps-converted-to.pdf
>
(epstopdf)                    date: 2015-03-06 14:14:06
(epstopdf)                    size: 29502 bytes.

<ZnTPP-fragment-LUMO+1-eps-converted-to.pdf, id=569, 401.5pt x 323.2075pt>
File: ZnTPP-fragment-LUMO+1-eps-converted-to.pdf Graphic file (type pdf)

<use ZnTPP-fragment-LUMO+1-eps-converted-to.pdf>
Package pdftex.def Info: ZnTPP-fragment-LUMO+1-eps-converted-to.pdf used on inp
ut line 419.
(pdftex.def)             Requested size: 86.1015pt x 69.31071pt.
Package epstopdf Info: Source file: <ZnTPP-fragment-LUMO.eps>
(epstopdf)                    date: 2015-03-06 14:12:14
(epstopdf)                    size: 764155 bytes
(epstopdf)             Output file: <ZnTPP-fragment-LUMO-eps-converted-to.pdf>
(epstopdf)             Command: <repstopdf --outfile=ZnTPP-fragment-LUMO-eps-co
nverted-to.pdf ZnTPP-fragment-LUMO.eps>
(epstopdf)             \includegraphics on input line 420.
runsystem(repstopdf --outfile=ZnTPP-fragment-LUMO-eps-converted-to.pdf ZnTPP-fr
agment-LUMO.eps)...executed safely (allowed).

Package epstopdf Info: Result file: <ZnTPP-fragment-LUMO-eps-converted-to.pdf>
(epstopdf)                    date: 2015-03-06 14:14:07
(epstopdf)                    size: 28919 bytes.

<ZnTPP-fragment-LUMO-eps-converted-to.pdf, id=570, 401.5pt x 313.17pt>
File: ZnTPP-fragment-LUMO-eps-converted-to.pdf Graphic file (type pdf)

<use ZnTPP-fragment-LUMO-eps-converted-to.pdf>
Package pdftex.def Info: ZnTPP-fragment-LUMO-eps-converted-to.pdf used on input
 line 420.
(pdftex.def)             Requested size: 86.1015pt x 67.1582pt.
Package epstopdf Info: Source file: <ZnTPP-gap1C.eps>
(epstopdf)                    date: 2015-03-06 14:12:15
(epstopdf)                    size: 713101 bytes
(epstopdf)             Output file: <ZnTPP-gap1C-eps-converted-to.pdf>
(epstopdf)             Command: <repstopdf --outfile=ZnTPP-gap1C-eps-converted-
to.pdf ZnTPP-gap1C.eps>
(epstopdf)             \includegraphics on input line 421.
runsystem(repstopdf --outfile=ZnTPP-gap1C-eps-converted-to.pdf ZnTPP-gap1C.eps)
...executed safely (allowed).

Package epstopdf Info: Result file: <ZnTPP-gap1C-eps-converted-to.pdf>
(epstopdf)                    date: 2015-03-06 14:14:08
(epstopdf)                    size: 26770 bytes.

<ZnTPP-gap1C-eps-converted-to.pdf, id=571, 401.5pt x 292.09125pt>
File: ZnTPP-gap1C-eps-converted-to.pdf Graphic file (type pdf)

<use ZnTPP-gap1C-eps-converted-to.pdf>
Package pdftex.def Info: ZnTPP-gap1C-eps-converted-to.pdf used on input line 42
1.
(pdftex.def)             Requested size: 86.1015pt x 62.63794pt.
Package epstopdf Info: Source file: <ZnTPP-gap2A.eps>
(epstopdf)                    date: 2015-03-06 14:12:15
(epstopdf)                    size: 756855 bytes
(epstopdf)             Output file: <ZnTPP-gap2A-eps-converted-to.pdf>
(epstopdf)             Command: <repstopdf --outfile=ZnTPP-gap2A-eps-converted-
to.pdf ZnTPP-gap2A.eps>
(epstopdf)             \includegraphics on input line 422.
runsystem(repstopdf --outfile=ZnTPP-gap2A-eps-converted-to.pdf ZnTPP-gap2A.eps)
...executed safely (allowed).

Package epstopdf Info: Result file: <ZnTPP-gap2A-eps-converted-to.pdf>
(epstopdf)                    date: 2015-03-06 14:14:09
(epstopdf)                    size: 28542 bytes.

<ZnTPP-gap2A-eps-converted-to.pdf, id=572, 401.5pt x 310.15875pt>
File: ZnTPP-gap2A-eps-converted-to.pdf Graphic file (type pdf)

<use ZnTPP-gap2A-eps-converted-to.pdf>
Package pdftex.def Info: ZnTPP-gap2A-eps-converted-to.pdf used on input line 42
2.
(pdftex.def)             Requested size: 86.1015pt x 66.51245pt.
Package epstopdf Info: Source file: <ZnTPP-fragment-HOMO.eps>
(epstopdf)                    date: 2015-03-06 14:12:14
(epstopdf)                    size: 790894 bytes
(epstopdf)             Output file: <ZnTPP-fragment-HOMO-eps-converted-to.pdf>
(epstopdf)             Command: <repstopdf --outfile=ZnTPP-fragment-HOMO-eps-co
nverted-to.pdf ZnTPP-fragment-HOMO.eps>
(epstopdf)             \includegraphics on input line 423.
runsystem(repstopdf --outfile=ZnTPP-fragment-HOMO-eps-converted-to.pdf ZnTPP-fr
agment-HOMO.eps)...executed safely (allowed).

Package epstopdf Info: Result file: <ZnTPP-fragment-HOMO-eps-converted-to.pdf>
(epstopdf)                    date: 2015-03-06 14:14:10
(epstopdf)                    size: 31540 bytes.

<ZnTPP-fragment-HOMO-eps-converted-to.pdf, id=573, 401.5pt x 324.21124pt>
File: ZnTPP-fragment-HOMO-eps-converted-to.pdf Graphic file (type pdf)

<use ZnTPP-fragment-HOMO-eps-converted-to.pdf>
Package pdftex.def Info: ZnTPP-fragment-HOMO-eps-converted-to.pdf used on input
 line 423.
(pdftex.def)             Requested size: 86.1015pt x 69.52596pt.
Package epstopdf Info: Source file: <ZnTPP-fragment-HOMO-1.eps>
(epstopdf)                    date: 2015-03-06 14:12:14
(epstopdf)                    size: 756865 bytes
(epstopdf)             Output file: <ZnTPP-fragment-HOMO-1-eps-converted-to.pdf
>
(epstopdf)             Command: <repstopdf --outfile=ZnTPP-fragment-HOMO-1-eps-
converted-to.pdf ZnTPP-fragment-HOMO-1.eps>
(epstopdf)             \includegraphics on input line 424.
runsystem(repstopdf --outfile=ZnTPP-fragment-HOMO-1-eps-converted-to.pdf ZnTPP-
fragment-HOMO-1.eps)...executed safely (allowed).

Package epstopdf Info: Result file: <ZnTPP-fragment-HOMO-1-eps-converted-to.pdf
>
(epstopdf)                    date: 2015-03-06 14:14:11
(epstopdf)                    size: 27398 bytes.

<ZnTPP-fragment-HOMO-1-eps-converted-to.pdf, id=574, 401.5pt x 310.15875pt>
File: ZnTPP-fragment-HOMO-1-eps-converted-to.pdf Graphic file (type pdf)

<use ZnTPP-fragment-HOMO-1-eps-converted-to.pdf>
Package pdftex.def Info: ZnTPP-fragment-HOMO-1-eps-converted-to.pdf used on inp
ut line 424.
(pdftex.def)             Requested size: 86.1015pt x 66.51245pt.
Package epstopdf Info: Source file: <ZnTPP-fragment-HOMO-2.eps>
(epstopdf)                    date: 2015-03-06 14:12:14
(epstopdf)                    size: 752004 bytes
(epstopdf)             Output file: <ZnTPP-fragment-HOMO-2-eps-converted-to.pdf
>
(epstopdf)             Command: <repstopdf --outfile=ZnTPP-fragment-HOMO-2-eps-
converted-to.pdf ZnTPP-fragment-HOMO-2.eps>
(epstopdf)             \includegraphics on input line 425.
runsystem(repstopdf --outfile=ZnTPP-fragment-HOMO-2-eps-converted-to.pdf ZnTPP-
fragment-HOMO-2.eps)...executed safely (allowed).

Package epstopdf Info: Result file: <ZnTPP-fragment-HOMO-2-eps-converted-to.pdf
>
(epstopdf)                    date: 2015-03-06 14:14:13
(epstopdf)                    size: 28992 bytes.

<ZnTPP-fragment-HOMO-2-eps-converted-to.pdf, id=575, 401.5pt x 308.15125pt>
File: ZnTPP-fragment-HOMO-2-eps-converted-to.pdf Graphic file (type pdf)

<use ZnTPP-fragment-HOMO-2-eps-converted-to.pdf>
Package pdftex.def Info: ZnTPP-fragment-HOMO-2-eps-converted-to.pdf used on inp
ut line 425.
(pdftex.def)             Requested size: 86.1015pt x 66.08194pt.
 [12 <./Fig3TH-eps-converted-to.pdf>]

LaTeX Warning: A float is stuck (cannot be placed) on input line 431.


LaTeX Warning: A float is stuck (cannot be placed) on input line 431.


Class revtex4-1 Warning: Deferred float stuck during \clearpage processing.

[13 <./ZnTPP-fragment-eps-converted-to.pdf> <./ZnTPP-fragment-au-eps-converted-
to.pdf> <./ZnTPP-binding1-eps-converted-to.pdf> <./n_occups_Zn.pdf>]

LaTeX Warning: A float is stuck (cannot be placed) on input line 448.


LaTeX Warning: A float is stuck (cannot be placed) on input line 448.


Class revtex4-1 Warning: Deferred float stuck during \clearpage processing.


Underfull \hbox (badness 10000) in paragraph at lines 451--452

 []

<ZnTPP_peaks.pdf, id=637, 968.61874pt x 581.17125pt>
File: ZnTPP_peaks.pdf Graphic file (type pdf)
 <use ZnTPP_peaks.pdf>
Package pdftex.def Info: ZnTPP_peaks.pdf used on input line 456.
(pdftex.def)             Requested size: 246.0pt x 147.59811pt.

Overfull \hbox (4.5pt too wide) in paragraph at lines 456--456
 [][] 
 []

<ZnTPP_peaks2.pdf, id=638, 968.61874pt x 581.17125pt>
File: ZnTPP_peaks2.pdf Graphic file (type pdf)
 <use ZnTPP_peaks2.pdf>
Package pdftex.def Info: ZnTPP_peaks2.pdf used on input line 459.
(pdftex.def)             Requested size: 246.0pt x 147.59811pt.

Overfull \hbox (4.5pt too wide) in paragraph at lines 459--460
 [][] 
 []

Package epstopdf Info: Source file: <mVg_626.eps>
(epstopdf)                    date: 2015-03-06 14:12:15
(epstopdf)                    size: 423836 bytes
(epstopdf)             Output file: <mVg_626-eps-converted-to.pdf>
(epstopdf)             Command: <repstopdf --outfile=mVg_626-eps-converted-to.p
df mVg_626.eps>
(epstopdf)             \includegraphics on input line 467.
runsystem(repstopdf --outfile=mVg_626-eps-converted-to.pdf mVg_626.eps)...execu
ted safely (allowed).

Package epstopdf Info: Result file: <mVg_626-eps-converted-to.pdf>
(epstopdf)                    date: 2015-03-06 14:14:14
(epstopdf)                    size: 33579 bytes.
<mVg_626-eps-converted-to.pdf, id=639, 401.5pt x 172.645pt>
File: mVg_626-eps-converted-to.pdf Graphic file (type pdf)

<use mVg_626-eps-converted-to.pdf>
Package pdftex.def Info: mVg_626-eps-converted-to.pdf used on input line 467.
(pdftex.def)             Requested size: 221.3985pt x 95.20265pt.
Package epstopdf Info: Source file: <base_626.eps>
(epstopdf)                    date: 2015-03-06 14:12:15
(epstopdf)                    size: 414114 bytes
(epstopdf)             Output file: <base_626-eps-converted-to.pdf>
(epstopdf)             Command: <repstopdf --outfile=base_626-eps-converted-to.
pdf base_626.eps>
(epstopdf)             \includegraphics on input line 471.
runsystem(repstopdf --outfile=base_626-eps-converted-to.pdf base_626.eps)...exe
cuted safely (allowed).

Package epstopdf Info: Result file: <base_626-eps-converted-to.pdf>
(epstopdf)                    date: 2015-03-06 14:14:15
(epstopdf)                    size: 34535 bytes.

<base_626-eps-converted-to.pdf, id=640, 401.5pt x 168.63pt>
File: base_626-eps-converted-to.pdf Graphic file (type pdf)

<use base_626-eps-converted-to.pdf>
Package pdftex.def Info: base_626-eps-converted-to.pdf used on input line 471.
(pdftex.def)             Requested size: 221.3985pt x 92.98865pt.
Package epstopdf Info: Source file: <pVg_626.eps>
(epstopdf)                    date: 2015-03-06 14:12:15
(epstopdf)                    size: 426267 bytes
(epstopdf)             Output file: <pVg_626-eps-converted-to.pdf>
(epstopdf)             Command: <repstopdf --outfile=pVg_626-eps-converted-to.p
df pVg_626.eps>
(epstopdf)             \includegraphics on input line 475.
runsystem(repstopdf --outfile=pVg_626-eps-converted-to.pdf pVg_626.eps)...execu
ted safely (allowed).

Package epstopdf Info: Result file: <pVg_626-eps-converted-to.pdf>
(epstopdf)                    date: 2015-03-06 14:14:16
(epstopdf)                    size: 36426 bytes.

<pVg_626-eps-converted-to.pdf, id=641, 401.5pt x 173.64874pt>
File: pVg_626-eps-converted-to.pdf Graphic file (type pdf)

<use pVg_626-eps-converted-to.pdf>
Package pdftex.def Info: pVg_626-eps-converted-to.pdf used on input line 475.
(pdftex.def)             Requested size: 221.3985pt x 95.75616pt.
 <gating.pdf, id=644, 722.7pt x 505.89pt>
File: gating.pdf Graphic file (type pdf)

<use gating.pdf>
Package pdftex.def Info: gating.pdf used on input line 482.
(pdftex.def)             Requested size: 221.3985pt x 154.97937pt.
 [14 <./ZnTPP-fragment-LUMO+1-eps-converted-to.pdf> <./ZnTPP-fragment-LUMO-eps-
converted-to.pdf> <./ZnTPP-gap1C-eps-converted-to.pdf> <./ZnTPP-gap2A-eps-conve
rted-to.pdf> <./ZnTPP-fragment-HOMO-eps-converted-to.pdf> <./ZnTPP-fragment-HOM
O-1-eps-converted-to.pdf> <./ZnTPP-fragment-HOMO-2-eps-converted-to.pdf>]

LaTeX Warning: A float is stuck (cannot be placed) on input line 492.


LaTeX Warning: A float is stuck (cannot be placed) on input line 492.


Class revtex4-1 Warning: Deferred float stuck during \clearpage processing.

LaTeX Font Info:    Try loading font information for OMS+txr on input line 495.

(/usr/local/texlive/2012/texmf-dist/tex/latex/txfonts/omstxr.fd
File: omstxr.fd 2000/12/15 v3.1
)
LaTeX Font Info:    Font shape `OMS/txr/m/n' in size <10> not available
(Font)              Font shape `OMS/txsy/m/n' tried instead on input line 495.
 [15 <./ZnTPP_peaks.pdf> <./ZnTPP_peaks2.pdf> <./mVg_626-eps-converted-to.pdf> 
<./base_626-eps-converted-to.pdf> <./pVg_626-eps-converted-to.pdf>]

LaTeX Warning: A float is stuck (cannot be placed) on input line 496.


LaTeX Warning: A float is stuck (cannot be placed) on input line 496.


Class revtex4-1 Warning: Deferred float stuck during \clearpage processing.

Package epstopdf Info: Source file: <gas_charge.eps>
(epstopdf)                    date: 2015-03-06 14:12:15
(epstopdf)                    size: 975635 bytes
(epstopdf)             Output file: <gas_charge-eps-converted-to.pdf>
(epstopdf)             Command: <repstopdf --outfile=gas_charge-eps-converted-t
o.pdf gas_charge.eps>
(epstopdf)             \includegraphics on input line 503.
runsystem(repstopdf --outfile=gas_charge-eps-converted-to.pdf gas_charge.eps)..
.executed safely (allowed).

Package epstopdf Info: Result file: <gas_charge-eps-converted-to.pdf>
(epstopdf)                    date: 2015-03-06 14:14:17
(epstopdf)                    size: 42181 bytes.
<gas_charge-eps-converted-to.pdf, id=720, 406.51875pt x 405.515pt>
File: gas_charge-eps-converted-to.pdf Graphic file (type pdf)

<use gas_charge-eps-converted-to.pdf>
Package pdftex.def Info: gas_charge-eps-converted-to.pdf used on input line 503
.
(pdftex.def)             Requested size: 184.5pt x 184.03934pt.
Package epstopdf Info: Source file: <gate_charge.eps>
(epstopdf)                    date: 2015-03-06 14:12:15
(epstopdf)                    size: 477327 bytes
(epstopdf)             Output file: <gate_charge-eps-converted-to.pdf>
(epstopdf)             Command: <repstopdf --outfile=gate_charge-eps-converted-
to.pdf gate_charge.eps>
(epstopdf)             \includegraphics on input line 504.
runsystem(repstopdf --outfile=gate_charge-eps-converted-to.pdf gate_charge.eps)
...executed safely (allowed).

Package epstopdf Info: Result file: <gate_charge-eps-converted-to.pdf>
(epstopdf)                    date: 2015-03-06 14:14:18
(epstopdf)                    size: 32078 bytes.

<gate_charge-eps-converted-to.pdf, id=721, 406.51875pt x 196.735pt>
File: gate_charge-eps-converted-to.pdf Graphic file (type pdf)

<use gate_charge-eps-converted-to.pdf>
Package pdftex.def Info: gate_charge-eps-converted-to.pdf used on input line 50
4.
(pdftex.def)             Requested size: 246.0pt x 119.05054pt.
Package epstopdf Info: Source file: <Simplified-Images.eps>
(epstopdf)                    date: 2015-03-06 14:12:14
(epstopdf)                    size: 727704 bytes
(epstopdf)             Output file: <Simplified-Images-eps-converted-to.pdf>
(epstopdf)             Command: <repstopdf --outfile=Simplified-Images-eps-conv
erted-to.pdf Simplified-Images.eps>
(epstopdf)             \includegraphics on input line 521.
runsystem(repstopdf --outfile=Simplified-Images-eps-converted-to.pdf Simplified
-Images.eps)...executed safely (allowed).

Package epstopdf Info: Result file: <Simplified-Images-eps-converted-to.pdf>
(epstopdf)                    date: 2015-03-06 14:14:19
(epstopdf)                    size: 29357 bytes.

<Simplified-Images-eps-converted-to.pdf, id=725, 406.51875pt x 302.12875pt>
File: Simplified-Images-eps-converted-to.pdf Graphic file (type pdf)

<use Simplified-Images-eps-converted-to.pdf>
Package pdftex.def Info: Simplified-Images-eps-converted-to.pdf used on input l
ine 521.
(pdftex.def)             Requested size: 221.3985pt x 164.54395pt.
Package epstopdf Info: Source file: <SingleGapPlot3_eV.eps>
(epstopdf)                    date: 2015-03-06 14:12:14
(epstopdf)                    size: 2235754 bytes
(epstopdf)             Output file: <SingleGapPlot3_eV-eps-converted-to.pdf>
(epstopdf)             Command: <repstopdf --outfile=SingleGapPlot3_eV-eps-conv
erted-to.pdf SingleGapPlot3_eV.eps>
(epstopdf)             \includegraphics on input line 524.
runsystem(repstopdf --outfile=SingleGapPlot3_eV-eps-converted-to.pdf SingleGapP
lot3_eV.eps)...executed safely (allowed).

Package epstopdf Info: Result file: <SingleGapPlot3_eV-eps-converted-to.pdf>
(epstopdf)                    date: 2015-03-06 14:14:21
(epstopdf)                    size: 74119 bytes.

<SingleGapPlot3_eV-eps-converted-to.pdf, id=726, 648.4225pt x 570.13pt>
File: SingleGapPlot3_eV-eps-converted-to.pdf Graphic file (type pdf)

<use SingleGapPlot3_eV-eps-converted-to.pdf>
Package pdftex.def Info: SingleGapPlot3_eV-eps-converted-to.pdf used on input l
ine 524.
(pdftex.def)             Requested size: 216.4812pt x 190.34445pt.
 [16 <./gating.pdf, page is rotated 90 degrees> <./gas_charge-eps-converted-to.
pdf> <./gate_charge-eps-converted-to.pdf>] <Us_Gas_vs_Junction2.pdf, id=749, 36
1.35pt x 379.4175pt>
File: Us_Gas_vs_Junction2.pdf Graphic file (type pdf)

<use Us_Gas_vs_Junction2.pdf>
Package pdftex.def Info: Us_Gas_vs_Junction2.pdf used on input line 546.
(pdftex.def)             Requested size: 196.80075pt x 206.64238pt.
 [17 <./Simplified-Images-eps-converted-to.pdf> <./SingleGapPlot3_eV-eps-conver
ted-to.pdf> <./Us_Gas_vs_Junction2.pdf, page is rotated 90 degrees>]
Underfull \hbox (badness 3930) in paragraph at lines 564--566
[]\OT1/txr/m/n/10 Perrin \OT1/txr/m/it/10 et al.\OT1/txr/m/n/10 's$[]$ ex-per-i
-ments on Au-ZnTPPdT re-veal
 []

(./Image-Effects-in-Transport-Calculations.bbl [18]
Missing character: There is no  in font txr!
Missing character: There is no  in font txr!
Missing character: There is no  in font txr!
Missing character: There is no  in font txr!
 [19]) [20]
Package epstopdf Info: Source file: <gates.eps>
(epstopdf)                    date: 2015-03-06 14:12:15
(epstopdf)                    size: 1687299 bytes
(epstopdf)             Output file: <gates-eps-converted-to.pdf>
(epstopdf)             Command: <repstopdf --outfile=gates-eps-converted-to.pdf
 gates.eps>
(epstopdf)             \includegraphics on input line 604.
runsystem(repstopdf --outfile=gates-eps-converted-to.pdf gates.eps)...executed 
safely (allowed).

Package epstopdf Info: Result file: <gates-eps-converted-to.pdf>
(epstopdf)                    date: 2015-03-06 14:14:22
(epstopdf)                    size: 58119 bytes.

<gates-eps-converted-to.pdf, id=887, 473.77pt x 376.40625pt>
File: gates-eps-converted-to.pdf Graphic file (type pdf)

<use gates-eps-converted-to.pdf>
Package pdftex.def Info: gates-eps-converted-to.pdf used on input line 604.
(pdftex.def)             Requested size: 209.1015pt x 166.13042pt.

<Us_vs_Mowbraygas_BDA-molecule-gates-LDA.pdf, id=889, 318.18875pt x 332.24126pt
>
File: Us_vs_Mowbraygas_BDA-molecule-gates-LDA.pdf Graphic file (type pdf)
 <use Us_vs_Mowbraygas_BDA-molecule-gates-LDA.pdf>
Package pdftex.def Info: Us_vs_Mowbraygas_BDA-molecule-gates-LDA.pdf used on in
put line 611.
(pdftex.def)             Requested size: 123.0pt x 128.42783pt.

<Us_vs_Mowbraygas_BDA-molecule-gates-GGA.pdf, id=890, 318.18875pt x 332.24126pt
>
File: Us_vs_Mowbraygas_BDA-molecule-gates-GGA.pdf Graphic file (type pdf)
 <use Us_vs_Mowbraygas_BDA-molecule-gates-GGA.pdf>
Package pdftex.def Info: Us_vs_Mowbraygas_BDA-molecule-gates-GGA.pdf used on in
put line 612.
(pdftex.def)             Requested size: 123.0pt x 128.42783pt.

Overfull \hbox (9.0pt too wide) in paragraph at lines 611--612
 [][][][] 
 []

[21 <./gates-eps-converted-to.pdf> <./Us_vs_Mowbraygas_BDA-molecule-gates-LDA.p
df> <./Us_vs_Mowbraygas_BDA-molecule-gates-GGA.pdf>]
Package epstopdf Info: Source file: <gating-BDA-LDA-N.eps>
(epstopdf)                    date: 2015-03-06 14:12:15
(epstopdf)                    size: 2937175 bytes
(epstopdf)             Output file: <gating-BDA-LDA-N-eps-converted-to.pdf>
(epstopdf)             Command: <repstopdf --outfile=gating-BDA-LDA-N-eps-conve
rted-to.pdf gating-BDA-LDA-N.eps>
(epstopdf)             \includegraphics on input line 620.
runsystem(repstopdf --outfile=gating-BDA-LDA-N-eps-converted-to.pdf gating-BDA-
LDA-N.eps)...executed safely (allowed).

Package epstopdf Info: Result file: <gating-BDA-LDA-N-eps-converted-to.pdf>
(epstopdf)                    date: 2015-03-06 14:14:23
(epstopdf)                    size: 68629 bytes.

<gating-BDA-LDA-N-eps-converted-to.pdf, id=921, 663.47874pt x 468.75125pt>
File: gating-BDA-LDA-N-eps-converted-to.pdf Graphic file (type pdf)

<use gating-BDA-LDA-N-eps-converted-to.pdf>
Package pdftex.def Info: gating-BDA-LDA-N-eps-converted-to.pdf used on input li
ne 620.
(pdftex.def)             Requested size: 123.0pt x 86.89642pt.
Package epstopdf Info: Source file: <nums-molecule.eps>
(epstopdf)                    date: 2015-03-06 14:12:15
(epstopdf)                    size: 4762097 bytes
(epstopdf)             Output file: <nums-molecule-eps-converted-to.pdf>
(epstopdf)             Command: <repstopdf --outfile=nums-molecule-eps-converte
d-to.pdf nums-molecule.eps>
(epstopdf)             \includegraphics on input line 626.
runsystem(repstopdf --outfile=nums-molecule-eps-converted-to.pdf nums-molecule.
eps)...executed safely (allowed).

Package epstopdf Info: Result file: <nums-molecule-eps-converted-to.pdf>
(epstopdf)                    date: 2015-03-06 14:14:25
(epstopdf)                    size: 83859 bytes.

<nums-molecule-eps-converted-to.pdf, id=922, 597.23125pt x 845.1575pt>
File: nums-molecule-eps-converted-to.pdf Graphic file (type pdf)

<use nums-molecule-eps-converted-to.pdf>
Package pdftex.def Info: nums-molecule-eps-converted-to.pdf used on input line 
626.
(pdftex.def)             Requested size: 123.0pt x 174.05795pt.
Package epstopdf Info: Source file: <ZnTPP-LUMO+1.eps>
(epstopdf)                    date: 2015-03-06 14:12:14
(epstopdf)                    size: 997502 bytes
(epstopdf)             Output file: <ZnTPP-LUMO+1-eps-converted-to.pdf>
(epstopdf)             Command: <repstopdf --outfile=ZnTPP-LUMO+1-eps-converted
-to.pdf ZnTPP-LUMO+1.eps>
(epstopdf)             \includegraphics on input line 659.
runsystem(repstopdf --outfile=ZnTPP-LUMO+1-eps-converted-to.pdf ZnTPP-LUMO+1.ep
s)...executed safely (allowed).

Package epstopdf Info: Result file: <ZnTPP-LUMO+1-eps-converted-to.pdf>
(epstopdf)                    date: 2015-03-06 14:14:26
(epstopdf)                    size: 38921 bytes.

<ZnTPP-LUMO+1-eps-converted-to.pdf, id=926, 401.5pt x 409.53pt>
File: ZnTPP-LUMO+1-eps-converted-to.pdf Graphic file (type pdf)

<use ZnTPP-LUMO+1-eps-converted-to.pdf>
Package pdftex.def Info: ZnTPP-LUMO+1-eps-converted-to.pdf used on input line 6
59.
(pdftex.def)             Requested size: 86.1015pt x 87.82227pt.
Package epstopdf Info: Source file: <ZnTPP-LUMO.eps>
(epstopdf)                    date: 2015-03-06 14:12:14
(epstopdf)                    size: 1009654 bytes
(epstopdf)             Output file: <ZnTPP-LUMO-eps-converted-to.pdf>
(epstopdf)             Command: <repstopdf --outfile=ZnTPP-LUMO-eps-converted-t
o.pdf ZnTPP-LUMO.eps>
(epstopdf)             \includegraphics on input line 660.
runsystem(repstopdf --outfile=ZnTPP-LUMO-eps-converted-to.pdf ZnTPP-LUMO.eps)..
.executed safely (allowed).

Package epstopdf Info: Result file: <ZnTPP-LUMO-eps-converted-to.pdf>
(epstopdf)                    date: 2015-03-06 14:14:27
(epstopdf)                    size: 38547 bytes.

<ZnTPP-LUMO-eps-converted-to.pdf, id=927, 401.5pt x 414.54875pt>
File: ZnTPP-LUMO-eps-converted-to.pdf Graphic file (type pdf)

<use ZnTPP-LUMO-eps-converted-to.pdf>
Package pdftex.def Info: ZnTPP-LUMO-eps-converted-to.pdf used on input line 660
.
(pdftex.def)             Requested size: 86.1015pt x 88.89851pt.
Package epstopdf Info: Source file: <ZnTPP-HOMO.eps>
(epstopdf)                    date: 2015-03-06 14:12:14
(epstopdf)                    size: 970762 bytes
(epstopdf)             Output file: <ZnTPP-HOMO-eps-converted-to.pdf>
(epstopdf)             Command: <repstopdf --outfile=ZnTPP-HOMO-eps-converted-t
o.pdf ZnTPP-HOMO.eps>
(epstopdf)             \includegraphics on input line 661.
runsystem(repstopdf --outfile=ZnTPP-HOMO-eps-converted-to.pdf ZnTPP-HOMO.eps)..
.executed safely (allowed).

Package epstopdf Info: Result file: <ZnTPP-HOMO-eps-converted-to.pdf>
(epstopdf)                    date: 2015-03-06 14:14:28
(epstopdf)                    size: 37771 bytes.

<ZnTPP-HOMO-eps-converted-to.pdf, id=928, 401.5pt x 398.48875pt>
File: ZnTPP-HOMO-eps-converted-to.pdf Graphic file (type pdf)

<use ZnTPP-HOMO-eps-converted-to.pdf>
Package pdftex.def Info: ZnTPP-HOMO-eps-converted-to.pdf used on input line 661
.
(pdftex.def)             Requested size: 86.1015pt x 85.45451pt.
Package epstopdf Info: Source file: <ZnTPP-HOMO-1.eps>
(epstopdf)                    date: 2015-03-06 14:12:14
(epstopdf)                    size: 973195 bytes
(epstopdf)             Output file: <ZnTPP-HOMO-1-eps-converted-to.pdf>
(epstopdf)             Command: <repstopdf --outfile=ZnTPP-HOMO-1-eps-converted
-to.pdf ZnTPP-HOMO-1.eps>
(epstopdf)             \includegraphics on input line 662.
runsystem(repstopdf --outfile=ZnTPP-HOMO-1-eps-converted-to.pdf ZnTPP-HOMO-1.ep
s)...executed safely (allowed).

Package epstopdf Info: Result file: <ZnTPP-HOMO-1-eps-converted-to.pdf>
(epstopdf)                    date: 2015-03-06 14:14:29
(epstopdf)                    size: 35749 bytes.

<ZnTPP-HOMO-1-eps-converted-to.pdf, id=929, 401.5pt x 399.4925pt>
File: ZnTPP-HOMO-1-eps-converted-to.pdf Graphic file (type pdf)

<use ZnTPP-HOMO-1-eps-converted-to.pdf>
Package pdftex.def Info: ZnTPP-HOMO-1-eps-converted-to.pdf used on input line 6
62.
(pdftex.def)             Requested size: 86.1015pt x 85.66975pt.
Package epstopdf Info: Source file: <ZnTPP-HOMO-2.eps>
(epstopdf)                    date: 2015-03-06 14:12:14
(epstopdf)                    size: 934302 bytes
(epstopdf)             Output file: <ZnTPP-HOMO-2-eps-converted-to.pdf>
(epstopdf)             Command: <repstopdf --outfile=ZnTPP-HOMO-2-eps-converted
-to.pdf ZnTPP-HOMO-2.eps>
(epstopdf)             \includegraphics on input line 663.
runsystem(repstopdf --outfile=ZnTPP-HOMO-2-eps-converted-to.pdf ZnTPP-HOMO-2.ep
s)...executed safely (allowed).

Package epstopdf Info: Result file: <ZnTPP-HOMO-2-eps-converted-to.pdf>
(epstopdf)                    date: 2015-03-06 14:14:30
(epstopdf)                    size: 37359 bytes.

<ZnTPP-HOMO-2-eps-converted-to.pdf, id=930, 401.5pt x 383.4325pt>
File: ZnTPP-HOMO-2-eps-converted-to.pdf Graphic file (type pdf)

<use ZnTPP-HOMO-2-eps-converted-to.pdf>
Package pdftex.def Info: ZnTPP-HOMO-2-eps-converted-to.pdf used on input line 6
63.
(pdftex.def)             Requested size: 86.1015pt x 82.22575pt.


Class revtex4-1 Warning: Environment acknowledgements is obsolete;
Use acknowledgments instead.

[22 <./gating-BDA-LDA-N-eps-converted-to.pdf>] [23 <./nums-molecule-eps-convert
ed-to.pdf>] [24 <./ZnTPP-LUMO+1-eps-converted-to.pdf> <./ZnTPP-LUMO-eps-convert
ed-to.pdf> <./ZnTPP-HOMO-eps-converted-to.pdf> <./ZnTPP-HOMO-1-eps-converted-to
.pdf> <./ZnTPP-HOMO-2-eps-converted-to.pdf>]
Package atveryend Info: Empty hook `AfterLastShipout' on input line 672.

(./Image-Effects-in-Transport-Calculations.aux)
Package atveryend Info: Executing hook `AtVeryEndDocument' on input line 672.
Package atveryend Info: Executing hook `AtEndAfterFileList' on input line 672.
Package rerunfilecheck Info: File `Image-Effects-in-Transport-Calculations.out'
 has not changed.
(rerunfilecheck)             Checksum: 02C7B431BB7F3111F5A6960599D7C061;1561.
 ) 
Here is how much of TeX's memory you used:
 9957 strings out of 493488
 148942 string characters out of 3141326
 255941 words of memory out of 3000000
 12847 multiletter control sequences out of 15000+200000
 60372 words of font info for 141 fonts, out of 3000000 for 9000
 957 hyphenation exceptions out of 8191
 36i,10n,46p,1013b,632s stack positions out of 5000i,500n,10000p,200000b,50000s
{/usr/local/texlive/2012/texmf-dist/fonts/enc/dvips/base/8r.enc}</usr/local/t
exlive/2012/texmf-dist/fonts/type1/public/amsfonts/cm/cmmib10.pfb></usr/local/t
exlive/2012/texmf-dist/fonts/type1/public/txfonts/rtxmi.pfb></usr/local/texlive
/2012/texmf-dist/fonts/type1/public/txfonts/rtxr.pfb></usr/local/texlive/2012/t
exmf-dist/fonts/type1/public/txfonts/txex.pfb></usr/local/texlive/2012/texmf-di
st/fonts/type1/public/txfonts/txsy.pfb></usr/local/texlive/2012/texmf-dist/font
s/type1/urw/helvetic/uhvb8a.pfb></usr/local/texlive/2012/texmf-dist/fonts/type1
/urw/helvetic/uhvb8a.pfb></usr/local/texlive/2012/texmf-dist/fonts/type1/urw/he
lvetic/uhvr8a.pfb></usr/local/texlive/2012/texmf-dist/fonts/type1/urw/times/utm
b8a.pfb></usr/local/texlive/2012/texmf-dist/fonts/type1/urw/times/utmr8a.pfb></
usr/local/texlive/2012/texmf-dist/fonts/type1/urw/times/utmri8a.pfb>
Output written on Image-Effects-in-Transport-Calculations.pdf (24 pages, 217432
1 bytes).
PDF statistics:
 1050 PDF objects out of 1200 (max. 8388607)
 838 compressed objects within 9 object streams
 181 named destinations out of 1000 (max. 500000)
 452 words of extra memory for PDF output out of 10000 (max. 10000000)

