\BOOKMARK [0][-]{section*.2}{Image Effects in Transport at Metal-Molecule Interfaces}{}% 2
\BOOKMARK [1][-]{section*.1}{Abstract}{section*.2}% 1
\BOOKMARK [1][-]{section*.3}{Introduction}{section*.2}% 3
\BOOKMARK [1][-]{section*.4}{Theoretical model}{section*.2}% 4
\BOOKMARK [2][-]{section*.5}{Background potential effects}{section*.4}% 5
\BOOKMARK [2][-]{section*.6}{Gap renormalization due to image charges}{section*.4}% 6
\BOOKMARK [2][-]{section*.7}{Limitations of DFT}{section*.4}% 7
\BOOKMARK [2][-]{section*.8}{Full Image-Charge Effect Model}{section*.4}% 8
\BOOKMARK [1][-]{section*.9}{Image charge effects for benzenediamine \(BDA\)}{section*.2}% 9
\BOOKMARK [2][-]{section*.10}{BDA Electronic Structure}{section*.9}% 10
\BOOKMARK [2][-]{section*.11}{Transport through BDA}{section*.9}% 11
\BOOKMARK [2][-]{section*.12}{Image-Model Calculations}{section*.9}% 12
\BOOKMARK [1][-]{section*.13}{Au-ZnTPPdT Molecular Devices}{section*.2}% 13
\BOOKMARK [2][-]{section*.14}{Experimental Results}{section*.13}% 14
\BOOKMARK [2][-]{section*.15}{Calculations}{section*.13}% 15
\BOOKMARK [3][-]{section*.16}{ZnTPPdT Electronic Structure}{section*.15}% 16
\BOOKMARK [3][-]{section*.17}{Transport through ZnTPPdT Junctions}{section*.15}% 17
\BOOKMARK [2][-]{section*.18}{Image-Model Calculations}{section*.13}% 18
\BOOKMARK [1][-]{section*.19}{Conclusions}{section*.2}% 19
\BOOKMARK [1][-]{section*.20}{Acknowledgments}{section*.2}% 20
\BOOKMARK [1][-]{section*.21}{Computational Details}{section*.2}% 21
\BOOKMARK [1][-]{section*.22}{LDA vs GGA}{section*.2}% 22
